Report 'report_mcmm_variation': MCMM Variation
Generated on Wed May 5 22:48:52 2021
  
-------------------------------------------------------------------
|     MCMM variability report for design 'Pooling_2x2' (nano)     |
|-----------------------------------------------------------------|
| MODE     CORNER     WNS     TNS      #Endpts WHS THS    #Endpts | 
|-----------------------------------------------------------------|
| new_mode corner_0_0 -1.3810 -12.4950 14      --- 0.0000 0       | 
-------------------------------------------------------------------


info UI33: performed report_mcmm_variation for 0 sec (CPU time: 0 sec; MEM: RSS - 271M, CVMEM - 1691M, PVMEM - 1839M)
Report 'report_path_group': Path Group
Generated on Wed May 5 22:48:52 2021
  
-----------------------------------------------------------------------------------------------------------------------
|                                             PATH GROUPS (SETUP) (nano)                                              |
|---------------------------------------------------------------------------------------------------------------------|
|                  | QOR Weight Margin TNS Range Endpoints Violating Endpoints Violating Endpoints % WNS     TNS      | 
|---------------------------------------------------------------------------------------------------------------------|
| **global**       |     1             0.1000    15        14                  93                    -1.3810 -12.4950 | 
| **qor**          |     1             0.1000    15        14                  93                    -1.3810 -12.4950 | 
| **feedthroughs** | *   1             0.1000    15        14                  93                    -1.3810 -12.4950 | 
-----------------------------------------------------------------------------------------------------------------------


info UI33: performed report_path_group for 0 sec (CPU time: 0 sec; MEM: RSS - 271M, CVMEM - 1691M, PVMEM - 1839M)
SLACK HISTOGRAM
---------------
Select : SELECT_LATE

-----------------------------------------------
| Slack             # End Pts Total # End Pts | 
|---------------------------------------------|
| -1.4000 - -1.3760 1         1               | 
| -1.3750 - -1.3510 0         1               | 
| -1.3500 - -1.3260 0         1               | 
| -1.3250 - -1.3010 0         1               | 
| -1.3000 - -1.2760 1         2               | 
| -1.2750 - -1.2510 0         2               | 
| -1.2500 - -1.2260 0         2               | 
| -1.2250 - -1.2010 1         3               | 
| -1.2000 - -1.1760 0         3               | 
| -1.1750 - -1.1510 0         3               | 
| -1.1500 - -1.1260 1         4               | 
| -1.1250 - -1.1010 0         4               | 
| -1.1000 - -1.0760 0         4               | 
| -1.0750 - -1.0510 1         5               | 
| -1.0500 - -1.0260 0         5               | 
| -1.0250 - -1.0010 1         6               | 
| -1.0000 - -0.9760 0         6               | 
| -0.9750 - -0.9510 0         6               | 
| -0.9500 - -0.9260 1         7               | 
| -0.9250 - -0.9010 0         7               | 
| -0.9000 - -0.8760 0         7               | 
| -0.8750 - -0.8510 1         8               | 
| -0.8500 - -0.8260 0         8               | 
| -0.8250 - -0.8010 0         8               | 
| -0.8000 - -0.7760 1         9               | 
| -0.7750 - -0.7510 0         9               | 
| -0.7500 - -0.7260 0         9               | 
| -0.7250 - -0.7010 1         10              | 
| -0.7000 - -0.6760 0         10              | 
| -0.6750 - -0.6510 0         10              | 
| -0.6500 - -0.6260 1         11              | 
| -0.6250 - -0.6010 0         11              | 
| -0.6000 - -0.5760 0         11              | 
| -0.5750 - -0.5510 1         12              | 
| -0.5500 - -0.5260 0         12              | 
| -0.5250 - -0.5010 0         12              | 
| -0.5000 - -0.4760 1         13              | 
| -0.4750 - -0.4510 0         13              | 
| -0.4500 - -0.4260 0         13              | 
| -0.4250 - -0.4010 1         14              | 
| -0.4000 - -0.3760 0         14              | 
| -0.3750 - -0.3510 0         14              | 
| -0.3500 - -0.3260 0         14              | 
| -0.3250 - -0.3010 0         14              | 
| -0.3000 - -0.2760 0         14              | 
| -0.2750 - -0.2510 0         14              | 
| -0.2500 - -0.2260 0         14              | 
| -0.2250 - -0.2010 0         14              | 
| -0.2000 - -0.1760 0         14              | 
| -0.1750 - -0.1510 0         14              | 
| -0.1500 - -0.1260 0         14              | 
| -0.1250 - -0.1010 0         14              | 
| -0.1000 - -0.0760 0         14              | 
| -0.0750 - -0.0510 0         14              | 
| -0.0500 - -0.0260 0         14              | 
| -0.0250 - -0.0010 0         14              | 
| 0.0000 - 0.0000   1         15              | 
-----------------------------------------------


info UI33: performed report_slack_histogram for 0 sec (CPU time: 0 sec; MEM: RSS - 271M, CVMEM - 1691M, PVMEM - 1839M)
Report 'report_path_group': Path Group
Generated on Wed May 5 22:48:52 2021
  
-------------------------------------------------------------------------------------------
|                                PATH GROUPS (HOLD) (nano)                                |
|-----------------------------------------------------------------------------------------|
| QOR Weight Margin TNS Range Endpoints Violating Endpoints Violating Endpoints % WNS TNS | 
-------------------------------------------------------------------------------------------


info UI33: performed report_path_group for 0 sec (CPU time: 0 sec; MEM: RSS - 271M, CVMEM - 1691M, PVMEM - 1839M)
SLACK HISTOGRAM
---------------
Select : SELECT_EARLY

---------------------------------------------
| Slack           # End Pts Total # End Pts | 
|-------------------------------------------|
| 0.0000 - 0.9990 0         0               | 
| 1.0000 - 1.9990 15        15              | 
---------------------------------------------


info UI33: performed report_slack_histogram for 0 sec (CPU time: 0 sec; MEM: RSS - 271M, CVMEM - 1691M, PVMEM - 1839M)
