warning: No library characterized for (process = 1.00 voltage = 0.85 temperature = 25.00) can be found in the database for power domain '/PD_TOP'  [NL-174]
Report Power (instances with prefix '*' are included in total) : 
-----+---------------------------------+--------------------+---------------------+-------------------+-----------------
     | Instance                        | Internal Power(uw) | Switching Power(uw) | Leakage Power(uw) | Total Power(uw) 
-----+---------------------------------+--------------------+---------------------+-------------------+-----------------
1    |*RAM1                            |            2.177014|             0.571361|           0.093465|         2.841841
2    |*DMA1                            |           49.703781|           107.444275|          41.419373|       198.567429
3    |*FILTER_BUFFER                   |            0.746537|             3.014579|         637.706604|       641.467712
4    |*CONV1                           |            0.000000|             0.000000|           0.000000|         0.000000
5    |*finishCNN_reg                   |            1.155868|             2.224792|           0.079112|         3.459772
6    |*i_0_22                          |           21.111816|            10.520949|           0.846504|        32.479267
7    |*i_0_28                          |           28.893398|            19.337881|           1.012740|        49.244019
8    |*i_0_37                          |           13.597914|             5.398603|           1.826180|        20.822699
9    |*i_0_42                          |           13.245715|             5.267039|           1.826180|        20.338934
10   |*i_0_44                          |            7.457579|             2.887487|           1.873056|        12.218122
11   |*DMA_start_reg                   |            1.156623|             5.096577|           0.079112|         6.332313
12   |*DMA_start_address_reg[15]       |            0.001915|             0.002754|           0.079112|         0.083782
13   |*DMA_start_address_reg[14]       |            0.001915|             0.002754|           0.079112|         0.083782
14   |*DMA_start_address_reg[13]       |            0.001915|             0.002754|           0.079112|         0.083782
15   |*DMA_start_address_reg[12]       |            0.001915|             0.002754|           0.079112|         0.083782
16   |*DMA_start_address_reg[11]       |            0.001915|             0.002754|           0.079112|         0.083782
17   |*DMA_start_address_reg[10]       |            0.001915|             0.002754|           0.079112|         0.083782
18   |*DMA_start_address_reg[9]        |            0.001915|             0.002754|           0.079112|         0.083782
19   |*DMA_start_address_reg[8]        |            0.001911|             0.002748|           0.079112|         0.083772
20   |*DMA_start_address_reg[7]        |            3.346867|             4.813395|           0.079112|         8.239374
21   |*DMA_start_address_reg[6]        |            3.428099|             4.930221|           0.079112|         8.437432
22   |*DMA_start_address_reg[5]        |            2.683820|             3.859815|           0.079112|         6.622748
23   |*DMA_start_address_reg[4]        |            2.759300|             3.968369|           0.079112|         6.806782
24   |*DMA_start_address_reg[3]        |            3.624252|             5.212324|           0.079112|         8.915688
25   |*DMA_start_address_reg[2]        |            3.627747|             5.217351|           0.079112|         8.924210
26   |*DMA_start_address_reg[1]        |            2.302074|             3.310795|           0.079112|         5.691981
27   |*DMA_start_address_reg[0]        |            1.312905|             1.888192|           0.079112|         3.280209
28   |*poolingState_reg[0]             |            1.157152|             7.810739|           0.079112|         9.047003
29   |*clk_gate_layerCounter_reg       |            2.532851|             1.221026|           0.059138|         3.813015
30   |*layerCounter_reg[31]            |            3.190588|             6.769520|           0.079112|        10.039220
31   |*layerCounter_reg[2]             |            3.188141|            15.167611|           0.079112|        18.434864
32   |*layerCounter_reg[1]             |            3.188130|            15.203010|           0.079112|        18.470251
33   |*layerCounter_reg[0]             |            3.184816|            25.978651|           0.079112|        29.242580
34   |*poolingReset_reg                |            1.159283|            18.761528|           0.079112|        19.999922
35   |*writeAdress_reg[15]             |            0.030205|             0.009697|           0.079112|         0.119015
36   |*writeAdress_reg[14]             |            0.030205|             0.009697|           0.079112|         0.119015
37   |*writeAdress_reg[13]             |            0.030045|             0.004511|           0.079112|         0.113668
38   |*writeAdress_reg[12]             |            0.030045|             0.004511|           0.079112|         0.113668
39   |*writeAdress_reg[11]             |            0.030045|             0.004511|           0.079112|         0.113668
40   |*writeAdress_reg[10]             |            0.030205|             0.009697|           0.079112|         0.119015
41   |*writeAdress_reg[9]              |            0.030205|             0.009697|           0.079112|         0.119015
42   |*writeAdress_reg[8]              |            0.030045|             0.004511|           0.079112|         0.113668
43   |*writeAdress_reg[7]              |            1.708983|             0.548655|           0.079112|         2.336751
44   |*writeAdress_reg[6]              |            1.708983|             0.548655|           0.079112|         2.336751
45   |*writeAdress_reg[5]              |            2.424843|             4.490670|           0.079112|         6.994625
46   |*writeAdress_reg[4]              |            2.424843|             4.490670|           0.079112|         6.994625
47   |*writeAdress_reg[3]              |            2.424843|             4.490670|           0.079112|         6.994625
48   |*writeAdress_reg[2]              |            1.460636|             0.468926|           0.079112|         2.008674
49   |*writeAdress_reg[1]              |            2.487499|             4.606706|           0.079112|         7.173318
50   |*readAdress_reg[15]              |            0.030238|             0.010372|           0.079112|         0.119723
51   |*readAdress_reg[14]              |            0.030238|             0.010372|           0.079112|         0.119723
52   |*readAdress_reg[13]              |            0.030045|             0.004511|           0.079112|         0.113668
53   |*readAdress_reg[12]              |            0.030045|             0.004511|           0.079112|         0.113668
54   |*readAdress_reg[11]              |            0.030045|             0.004511|           0.079112|         0.113668
55   |*readAdress_reg[10]              |            0.030238|             0.010372|           0.079112|         0.119723
56   |*readAdress_reg[9]               |            0.030238|             0.010372|           0.079112|         0.119723
57   |*readAdress_reg[8]               |            0.030045|             0.004511|           0.079112|         0.113668
58   |*readAdress_reg[7]               |            0.030581|             0.020732|           0.079112|         0.130426
59   |*readAdress_reg[6]               |            0.030581|             0.020732|           0.079112|         0.130426
60   |*readAdress_reg[5]               |            0.030222|             0.010037|           0.079112|         0.119371
61   |*readAdress_reg[4]               |            0.030222|             0.010037|           0.079112|         0.119371
62   |*readAdress_reg[3]               |            0.030586|             0.021101|           0.079112|         0.130799
63   |*readAdress_reg[2]               |            0.030238|             0.010372|           0.079112|         0.119723
64   |*readAdress_reg[1]               |            0.030586|             0.021101|           0.079112|         0.130799
65   |*readAdress_reg[0]               |            0.030222|             0.010037|           0.079112|         0.119371
66   |*clk_gate_poolingWindowY_reg     |            2.308559|             8.143825|           0.059138|        10.511522
67   |*poolingWindowY_reg[31]          |            0.536624|             1.142500|           0.079112|         1.758237
68   |*poolingWindowY_reg[30]          |            0.534313|             0.338279|           0.079112|         0.951704
69   |*poolingWindowY_reg[29]          |            0.534218|             0.330028|           0.079112|         0.943358
70   |*poolingWindowY_reg[28]          |            0.534184|             0.327063|           0.079112|         0.940359
71   |*poolingWindowY_reg[27]          |            0.534281|             0.335526|           0.079112|         0.948919
72   |*poolingWindowY_reg[26]          |            0.534248|             0.332616|           0.079112|         0.945976
73   |*poolingWindowY_reg[25]          |            0.534165|             0.325449|           0.079112|         0.938726
74   |*poolingWindowY_reg[24]          |            0.534313|             0.338279|           0.079112|         0.951704
75   |*poolingWindowY_reg[23]          |            0.534313|             0.338279|           0.079112|         0.951704
76   |*poolingWindowY_reg[22]          |            0.534218|             0.330028|           0.079112|         0.943358
77   |*poolingWindowY_reg[21]          |            0.534218|             0.330028|           0.079112|         0.943358
78   |*poolingWindowY_reg[20]          |            0.534184|             0.327063|           0.079112|         0.940359
79   |*poolingWindowY_reg[19]          |            0.534184|             0.327063|           0.079112|         0.940359
80   |*poolingWindowY_reg[18]          |            0.534165|             0.325449|           0.079112|         0.938726
81   |*poolingWindowY_reg[17]          |            0.534165|             0.325449|           0.079112|         0.938726
82   |*poolingWindowY_reg[16]          |            0.534313|             0.338279|           0.079112|         0.951704
83   |*poolingWindowY_reg[15]          |            0.534218|             0.330028|           0.079112|         0.943358
84   |*poolingWindowY_reg[14]          |            0.534184|             0.327063|           0.079112|         0.940359
85   |*poolingWindowY_reg[13]          |            0.125195|             0.076277|           0.079112|         0.280584
86   |*poolingWindowY_reg[12]          |            0.125230|             0.079284|           0.079112|         0.283626
87   |*poolingWindowY_reg[11]          |            0.994496|             0.614378|           0.079112|         1.687986
88   |*poolingWindowY_reg[10]          |            0.994432|             0.608858|           0.079112|         1.682402
89   |*poolingWindowY_reg[9]           |            0.994398|             0.605854|           0.079112|         1.679363
90   |*poolingWindowY_reg[8]           |            0.994614|             0.624613|           0.079112|         1.698339
91   |*poolingWindowY_reg[7]           |            0.994614|             0.624613|           0.079112|         1.698339
92   |*poolingWindowY_reg[6]           |            0.994551|             0.619195|           0.079112|         1.692859
93   |*poolingWindowY_reg[5]           |            0.994551|             0.619195|           0.079112|         1.692859
94   |*poolingWindowY_reg[4]           |            0.994512|             0.615759|           0.079112|         1.689383
95   |*poolingWindowY_reg[3]           |            0.998185|             0.934120|           0.079112|         2.011418
96   |*poolingWindowY_reg[2]           |            0.999654|             1.256044|           0.079112|         2.334810
97   |*poolingWindowY_reg[1]           |            0.999082|             2.804474|           0.079112|         3.882668
98   |*clk_gate_poolingCounter_reg     |            2.171084|             7.711832|           0.059138|         9.942054
99   |*poolingCounter_reg[31]          |            0.492888|             0.469597|           0.079112|         1.041598
100  |*poolingCounter_reg[30]          |            0.491004|             0.305607|           0.079112|         0.875723
101  |*poolingCounter_reg[29]          |            0.491035|             0.308280|           0.079112|         0.878428
102  |*poolingCounter_reg[28]          |            0.490977|             0.303229|           0.079112|         0.873318
103  |*poolingCounter_reg[27]          |            0.490928|             0.299022|           0.079112|         0.869063
104  |*poolingCounter_reg[26]          |            0.491004|             0.305607|           0.079112|         0.875723
105  |*poolingCounter_reg[25]          |            0.491064|             0.310810|           0.079112|         0.880986
106  |*poolingCounter_reg[24]          |            0.491064|             0.310810|           0.079112|         0.880986
107  |*poolingCounter_reg[23]          |            0.490977|             0.303229|           0.079112|         0.873318
108  |*poolingCounter_reg[22]          |            0.490977|             0.303229|           0.079112|         0.873318
109  |*poolingCounter_reg[21]          |            0.490945|             0.300505|           0.079112|         0.870562
110  |*poolingCounter_reg[20]          |            0.490945|             0.300505|           0.079112|         0.870562
111  |*poolingCounter_reg[19]          |            0.490928|             0.299022|           0.079112|         0.869063
112  |*poolingCounter_reg[18]          |            0.490928|             0.299022|           0.079112|         0.869063
113  |*poolingCounter_reg[17]          |            0.491064|             0.310810|           0.079112|         0.880986
114  |*poolingCounter_reg[16]          |            0.491064|             0.310810|           0.079112|         0.880986
115  |*poolingCounter_reg[15]          |            0.490977|             0.303229|           0.079112|         0.873318
116  |*poolingCounter_reg[14]          |            0.490977|             0.303229|           0.079112|         0.873318
117  |*poolingCounter_reg[13]          |            0.490945|             0.300505|           0.079112|         0.870562
118  |*poolingCounter_reg[12]          |            0.490945|             0.300505|           0.079112|         0.870562
119  |*poolingCounter_reg[11]          |            0.490928|             0.299022|           0.079112|         0.869063
120  |*poolingCounter_reg[10]          |            0.214781|             0.130822|           0.079112|         0.424716
121  |*poolingCounter_reg[9]           |            0.214824|             0.134570|           0.079112|         0.428507
122  |*poolingCounter_reg[8]           |            0.214785|             0.131177|           0.079112|         0.425074
123  |*poolingCounter_reg[7]           |            0.214775|             0.130307|           0.079112|         0.424195
124  |*poolingCounter_reg[6]           |            0.215280|             0.174221|           0.079112|         0.468613
125  |*poolingCounter_reg[5]           |            0.215310|             0.176815|           0.079112|         0.471237
126  |*poolingCounter_reg[4]           |            0.215414|             0.185883|           0.079112|         0.480409
127  |*poolingCounter_reg[3]           |            0.214779|             0.130613|           0.079112|         0.424504
128  |*poolingCounter_reg[2]           |            0.214999|             0.149808|           0.079112|         0.443920
129  |*poolingCounter_reg[1]           |            0.215065|             0.155526|           0.079112|         0.449703
130  |*poolingCounter_reg[0]           |            1.865492|             4.646349|           0.079112|         6.590953
131  |*clk_gate_poolingWindowX_reg     |            2.090803|             7.270074|           0.059138|         9.420016
132  |*poolingWindowX_reg[31]          |            0.477423|             0.291062|           0.079112|         0.847597
133  |*poolingWindowX_reg[30]          |            0.477525|             0.299883|           0.079112|         0.856520
134  |*poolingWindowX_reg[29]          |            0.477495|             0.297282|           0.079112|         0.853889
135  |*poolingWindowX_reg[28]          |            0.477525|             0.299883|           0.079112|         0.856520
136  |*poolingWindowX_reg[27]          |            0.477525|             0.299883|           0.079112|         0.856520
137  |*poolingWindowX_reg[26]          |            0.477495|             0.297282|           0.079112|         0.853889
138  |*poolingWindowX_reg[25]          |            0.477495|             0.297282|           0.079112|         0.853889
139  |*poolingWindowX_reg[24]          |            0.477553|             0.302344|           0.079112|         0.859009
140  |*poolingWindowX_reg[23]          |            0.477553|             0.302344|           0.079112|         0.859009
141  |*poolingWindowX_reg[22]          |            0.477468|             0.294969|           0.079112|         0.851550
142  |*poolingWindowX_reg[21]          |            0.477468|             0.294969|           0.079112|         0.851550
143  |*poolingWindowX_reg[20]          |            0.477437|             0.292319|           0.079112|         0.848869
144  |*poolingWindowX_reg[19]          |            0.477437|             0.292319|           0.079112|         0.848869
145  |*poolingWindowX_reg[18]          |            0.477421|             0.290877|           0.079112|         0.847410
146  |*poolingWindowX_reg[17]          |            0.477421|             0.290877|           0.079112|         0.847410
147  |*poolingWindowX_reg[16]          |            0.477553|             0.302344|           0.079112|         0.859009
148  |*poolingWindowX_reg[15]          |            0.477468|             0.294969|           0.079112|         0.851550
149  |*poolingWindowX_reg[14]          |            0.477437|             0.292319|           0.079112|         0.848869
150  |*poolingWindowX_reg[13]          |            0.477421|             0.290877|           0.079112|         0.847410
151  |*poolingWindowX_reg[12]          |            0.111927|             0.070862|           0.079112|         0.261901
152  |*poolingWindowX_reg[11]          |            0.994496|             0.614378|           0.079112|         1.687986
153  |*poolingWindowX_reg[10]          |            0.994432|             0.608858|           0.079112|         1.682402
154  |*poolingWindowX_reg[9]           |            0.994398|             0.605854|           0.079112|         1.679363
155  |*poolingWindowX_reg[8]           |            0.994673|             0.629737|           0.079112|         1.703522
156  |*poolingWindowX_reg[7]           |            0.994496|             0.614378|           0.079112|         1.687986
157  |*poolingWindowX_reg[6]           |            0.994432|             0.608858|           0.079112|         1.682402
158  |*poolingWindowX_reg[5]           |            0.994398|             0.605854|           0.079112|         1.679363
159  |*poolingWindowX_reg[4]           |            0.994512|             0.615759|           0.079112|         1.689383
160  |*poolingWindowX_reg[3]           |            0.998185|             0.934120|           0.079112|         2.011418
161  |*poolingWindowX_reg[2]           |            0.999654|             1.256044|           0.079112|         2.334810
162  |*poolingWindowX_reg[1]           |            0.999082|             2.804474|           0.079112|         3.882668
163  |*clk_gate_writeAdress_reg        |            0.161276|             0.446129|           0.059138|         0.666542
164  |*i_0_0_0                         |            2.191125|             1.099626|           0.061230|         3.351980
165  |*i_0_0_1                         |            3.577122|             2.633267|           0.075762|         6.286151
166  |*i_0_0_2                         |            3.567574|             1.878572|           0.075762|         5.521909
167  |*i_0_0_3                         |            2.436407|             1.602043|           0.061230|         4.099679
168  |*i_0_0_4                         |            3.607654|             3.507272|           0.075762|         7.190688
169  |*i_0_0_5                         |            3.517990|             2.799212|           0.075762|         6.392964
170  |*i_0_0_6                         |            3.261781|             1.678928|           0.075762|         5.016472
171  |*i_0_0_7                         |            2.032409|             1.458149|           0.061230|         3.551788
172  |*i_0_0_8                         |            2.989778|             1.439041|           0.075762|         4.504581
173  |*i_0_0_9                         |            1.052157|             1.046113|           0.061230|         2.159500
174  |*i_0_0_10                        |            1.137663|             1.213459|           0.061230|         2.412352
175  |*i_0_0_11                        |            1.351506|             4.951583|           0.061230|         6.364318
176  |*i_0_0_12                        |            1.177103|             4.362825|           0.061230|         5.601158
177  |*i_0_0_13                        |            1.176958|             1.094982|           0.061230|         2.333170
178  |*i_0_0_14                        |            1.120540|             1.077645|           0.061230|         2.259415
179  |*i_0_0_15                        |            1.721509|             1.258844|           0.061230|         3.041583
180  |*i_0_0_16                        |            1.234628|             1.174854|           0.061230|         2.470712
181  |*i_0_0_17                        |            1.109607|             1.048854|           0.061230|         2.219691
182  |*i_0_0_18                        |            1.720828|             1.245534|           0.061230|         3.027592
183  |*i_0_0_19                        |            1.520054|             1.099075|           0.061230|         2.680358
184  |*i_0_0_20                        |            1.719586|             1.242742|           0.061230|         3.023558
185  |*i_0_0_21                        |            1.116714|             1.051058|           0.061230|         2.229001
186  |*i_0_0_22                        |            2.036771|             1.123121|           0.061230|         3.221121
187  |*i_0_0_23                        |            1.738105|             0.795063|           0.061230|         2.594398
188  |*i_0_0_24                        |            0.009027|             0.003353|           0.025066|         0.037446
189  |*i_0_0_25                        |            0.355123|             0.749649|           0.017393|         1.122165
190  |*i_0_0_26                        |            0.502506|             1.009894|           0.017393|         1.529793
191  |*i_0_0_27                        |            0.858669|             1.346342|           0.022619|         2.227631
192  |*i_0_0_28                        |            0.367270|             0.236412|           0.021200|         0.624882
193  |*i_0_0_29                        |            0.353754|             0.192851|           0.026832|         0.573437
194  |*i_0_0_30                        |            0.989004|             0.504948|           0.027858|         1.521810
195  |*i_0_0_31                        |            0.844681|             0.514521|           0.021200|         1.380402
196  |*i_0_0_32                        |            0.757023|             0.334439|           0.025066|         1.116528
197  |*i_0_0_33                        |            0.598732|             0.265300|           0.025066|         0.889098
198  |*i_0_0_34                        |            0.410014|             0.246508|           0.021200|         0.677721
199  |*i_0_0_35                        |            0.613896|             1.121359|           0.036441|         1.771696
200  |*i_0_0_36                        |            0.683587|             0.388412|           0.026832|         1.098831
201  |*i_0_0_37                        |            0.241031|             0.106025|           0.025066|         0.372121
202  |*i_0_0_38                        |            0.137684|             0.059813|           0.025066|         0.222563
203  |*i_0_0_39                        |            0.124678|             0.054019|           0.025066|         0.203763
204  |*i_0_0_40                        |            0.123045|             0.053292|           0.025066|         0.201404
205  |*i_0_0_41                        |            0.122840|             0.053201|           0.025066|         0.201108
206  |*i_0_0_42                        |            0.122815|             0.053190|           0.025066|         0.201071
207  |*i_0_0_43                        |            0.122812|             0.053188|           0.025066|         0.201066
208  |*i_0_0_44                        |            0.122811|             0.053188|           0.025066|         0.201065
209  |*i_0_0_45                        |            0.091847|             0.039783|           0.025066|         0.156696
210  |*i_0_0_46                        |            0.091591|             0.039670|           0.025066|         0.156327
211  |*i_0_0_47                        |            0.351136|             0.152646|           0.025066|         0.528848
212  |*i_0_0_48                        |            0.351108|             0.152632|           0.025066|         0.528806
213  |*i_0_0_49                        |            0.351094|             0.152625|           0.025066|         0.528785
214  |*i_0_0_50                        |            0.351087|             0.152622|           0.025066|         0.528774
215  |*i_0_0_51                        |            0.351083|             0.152620|           0.025066|         0.528769
216  |*i_0_0_52                        |            0.351081|             0.152619|           0.025066|         0.528766
217  |*i_0_0_53                        |            0.351080|             0.152619|           0.025066|         0.528765
218  |*i_0_0_54                        |            0.351080|             0.152618|           0.025066|         0.528764
219  |*i_0_0_55                        |            0.351080|             0.152618|           0.025066|         0.528764
220  |*i_0_0_56                        |            0.351080|             0.152618|           0.025066|         0.528764
221  |*i_0_0_57                        |            0.351080|             0.152618|           0.025066|         0.528764
222  |*i_0_0_58                        |            0.351079|             0.152618|           0.025066|         0.528764
223  |*i_0_0_59                        |            0.351079|             0.152618|           0.025066|         0.528764
224  |*i_0_0_60                        |            0.351079|             0.152618|           0.025066|         0.528764
225  |*i_0_0_61                        |            0.351080|             0.152618|           0.025066|         0.528764
226  |*i_0_0_62                        |            0.351079|             0.152618|           0.025066|         0.528764
227  |*i_0_0_63                        |            0.351079|             0.152618|           0.025066|         0.528764
228  |*i_0_0_64                        |            0.351079|             0.152618|           0.025066|         0.528764
229  |*i_0_0_65                        |            0.351079|             0.152618|           0.025066|         0.528764
230  |*i_0_0_66                        |            0.351079|             0.152618|           0.025066|         0.528764
231  |*i_0_0_67                        |            0.350462|             0.152618|           0.025066|         0.528146
232  |*i_0_0_68                        |            0.511947|             0.227113|           0.025066|         0.764126
233  |*i_0_0_69                        |            0.071649|             0.031687|           0.025066|         0.128401
234  |*i_0_0_70                        |            0.167362|             0.074465|           0.025066|         0.266893
235  |*i_0_0_71                        |            0.104038|             0.046151|           0.025066|         0.175255
236  |*i_0_0_72                        |            0.071649|             0.031687|           0.025066|         0.128401
237  |*i_0_0_73                        |            0.055253|             0.024377|           0.025066|         0.104696
238  |*i_0_0_74                        |            0.046998|             0.020703|           0.025066|         0.092768
239  |*i_0_0_75                        |            0.042856|             0.018862|           0.025066|         0.086783
240  |*i_0_0_76                        |            0.040780|             0.017940|           0.025066|         0.083786
241  |*i_0_0_77                        |            0.038919|             0.017117|           0.025066|         0.081102
242  |*i_0_0_78                        |            0.038421|             0.016896|           0.025066|         0.080383
243  |*i_0_0_79                        |            0.024132|             0.010453|           0.025066|         0.059651
244  |*i_0_0_80                        |            0.182438|             0.079666|           0.025066|         0.287169
245  |*i_0_0_81                        |            0.182413|             0.079652|           0.025066|         0.287132
246  |*i_0_0_82                        |            0.182401|             0.079646|           0.025066|         0.287113
247  |*i_0_0_83                        |            0.182395|             0.079643|           0.025066|         0.287104
248  |*i_0_0_84                        |            0.182392|             0.079641|           0.025066|         0.287099
249  |*i_0_0_85                        |            0.182390|             0.079640|           0.025066|         0.287097
250  |*i_0_0_86                        |            0.182390|             0.079640|           0.025066|         0.287095
251  |*i_0_0_87                        |            0.182389|             0.079639|           0.025066|         0.287095
252  |*i_0_0_88                        |            0.182389|             0.079639|           0.025066|         0.287094
253  |*i_0_0_89                        |            0.182389|             0.079639|           0.025066|         0.287094
254  |*i_0_0_90                        |            0.182389|             0.079639|           0.025066|         0.287094
255  |*i_0_0_91                        |            0.182389|             0.079639|           0.025066|         0.287094
256  |*i_0_0_92                        |            0.182389|             0.079639|           0.025066|         0.287094
257  |*i_0_0_93                        |            0.182389|             0.079639|           0.025066|         0.287094
258  |*i_0_0_94                        |            0.182389|             0.079639|           0.025066|         0.287094
259  |*i_0_0_95                        |            0.182389|             0.079639|           0.025066|         0.287094
260  |*i_0_0_96                        |            0.182389|             0.079639|           0.025066|         0.287094
261  |*i_0_0_97                        |            0.182389|             0.079639|           0.025066|         0.287094
262  |*i_0_0_98                        |            0.181871|             0.079639|           0.025066|         0.286577
263  |*i_0_0_99                        |            0.849183|             0.461495|           0.027858|         1.338536
264  |*i_0_0_100                       |            0.649244|             0.464530|           0.021200|         1.134973
265  |*i_0_0_101                       |            0.073343|             7.896418|           0.026832|         7.996593
266  |*i_0_0_102                       |            0.606318|             0.431906|           0.014353|         1.052577
267  |*i_0_0_103                       |            1.039063|             7.378038|           0.027858|         8.444960
268  |*i_0_0_104                       |            0.511980|             0.227113|           0.025066|         0.764159
269  |*i_0_0_105                       |            0.071652|             0.031687|           0.025066|         0.128405
270  |*i_0_0_106                       |            0.167367|             0.074465|           0.025066|         0.266898
271  |*i_0_0_107                       |            0.104042|             0.046151|           0.025066|         0.175259
272  |*i_0_0_108                       |            0.071652|             0.031687|           0.025066|         0.128405
273  |*i_0_0_109                       |            0.055255|             0.024377|           0.025066|         0.104699
274  |*i_0_0_110                       |            0.047000|             0.020703|           0.025066|         0.092770
275  |*i_0_0_111                       |            0.042857|             0.018862|           0.025066|         0.086785
276  |*i_0_0_112                       |            0.040782|             0.017940|           0.025066|         0.083788
277  |*i_0_0_113                       |            0.039743|             0.017478|           0.025066|         0.082287
278  |*i_0_0_114                       |            0.038429|             0.016898|           0.025066|         0.080393
279  |*i_0_0_115                       |            0.024428|             0.010585|           0.025066|         0.060079
280  |*i_0_0_116                       |            0.024288|             0.010524|           0.025066|         0.059878
281  |*i_0_0_117                       |            0.183887|             0.080370|           0.025066|         0.289323
282  |*i_0_0_118                       |            0.183875|             0.080364|           0.025066|         0.289305
283  |*i_0_0_119                       |            0.183869|             0.080360|           0.025066|         0.289296
284  |*i_0_0_120                       |            0.183866|             0.080359|           0.025066|         0.289291
285  |*i_0_0_121                       |            0.183864|             0.080358|           0.025066|         0.289289
286  |*i_0_0_122                       |            0.183864|             0.080358|           0.025066|         0.289287
287  |*i_0_0_123                       |            0.183863|             0.080357|           0.025066|         0.289287
288  |*i_0_0_124                       |            0.183863|             0.080357|           0.025066|         0.289287
289  |*i_0_0_125                       |            0.183863|             0.080357|           0.025066|         0.289286
290  |*i_0_0_126                       |            0.183863|             0.080357|           0.025066|         0.289286
291  |*i_0_0_127                       |            0.183863|             0.080357|           0.025066|         0.289286
292  |*i_0_0_128                       |            0.183863|             0.080357|           0.025066|         0.289286
293  |*i_0_0_129                       |            0.183863|             0.080357|           0.025066|         0.289286
294  |*i_0_0_130                       |            0.183863|             0.080357|           0.025066|         0.289286
295  |*i_0_0_131                       |            0.183863|             0.080357|           0.025066|         0.289286
296  |*i_0_0_132                       |            0.183863|             0.080357|           0.025066|         0.289286
297  |*i_0_0_133                       |            0.183863|             0.080357|           0.025066|         0.289286
298  |*i_0_0_134                       |            0.183300|             0.080357|           0.025066|         0.288723
299  |*i_0_0_135                       |            0.978326|             0.487023|           0.022619|         1.487968
300  |*i_0_0_136                       |            0.426345|             0.268782|           0.027858|         0.722985
301  |*i_0_0_137                       |            0.269295|             0.507045|           0.021200|         0.797539
302  |*i_0_0_138                       |            1.010854|             0.373518|           0.035928|         1.420300
303  |*i_0_0_139                       |            1.102167|             0.408698|           0.035928|         1.546793
304  |*i_0_0_140                       |            0.517662|             0.336875|           0.022619|         0.877157
305  |*i_0_0_141                       |            0.362704|             0.661508|           0.017393|         1.041605
306  |*i_0_0_142                       |            0.490264|             0.316905|           0.022619|         0.829789
307  |*i_0_0_143                       |            0.341369|             0.625485|           0.017393|         0.984247
308  |*i_0_0_144                       |            1.017071|             0.375164|           0.035928|         1.428163
309  |*i_0_0_145                       |            0.965432|             0.354468|           0.035928|         1.355829
310  |*i_0_0_146                       |            1.292356|             0.482001|           0.035928|         1.810285
311  |*i_0_0_147                       |            1.007982|             0.369896|           0.035928|         1.413805
312  |*i_0_0_148                       |            0.959214|             0.350778|           0.035928|         1.345921
313  |*i_0_0_149                       |            1.285623|             0.479327|           0.035928|         1.800878
314  |*i_0_0_150                       |            1.215972|             0.453837|           0.035928|         1.705737
315  |*i_0_0_151                       |            1.281504|             0.478119|           0.035928|         1.795552
316  |*i_0_0_152                       |            0.955464|             0.349672|           0.035928|         1.341065
317  |*i_0_0_153                       |            0.502823|             0.316531|           0.027858|         0.847212
318  |*i_0_0_154                       |            0.260255|             0.490669|           0.021200|         0.772124
319  |*i_0_0_155                       |            0.964600|             0.887649|           0.027858|         1.880107
320  |*i_0_0_156                       |            0.135534|            15.357676|           0.021200|        15.514410
321  |*i_0_0_157                       |            1.081043|             2.859873|           0.027858|         3.968775
322  |*i_0_0_158                       |            0.239603|             0.152845|           0.027858|         0.420306
323  |*i_0_0_159                       |            0.660608|             0.988727|           0.022619|         1.671955
324  |*i_0_0_160                       |            0.745802|             0.368905|           0.022039|         1.136745
325  |*i_0_0_161                       |            0.501832|             0.581833|           0.032612|         1.116277
326  |*i_0_0_162                       |            0.137544|             0.153251|           0.014353|         0.305148
327  |*i_0_0_163                       |            0.537696|             2.238288|           0.047399|         2.823383
328  |*i_0_0_164                       |            0.564550|             0.359464|           0.018105|         0.942119
329  |*i_0_0_165                       |            0.500291|             0.566641|           0.032612|         1.099544
330  |*i_0_0_166                       |            0.011621|             0.024494|           0.017393|         0.053509
331  |*i_0_0_167                       |            0.441046|             0.251085|           0.022619|         0.714751
332  |*i_0_0_168                       |            0.568396|             0.616432|           0.032612|         1.217440
333  |*i_0_0_169                       |            0.440635|             0.250800|           0.022619|         0.714054
334  |*i_0_0_170                       |            0.567148|             0.615628|           0.032612|         1.215389
335  |*i_0_0_171                       |            0.557761|             0.354487|           0.018105|         0.930353
336  |*i_0_0_172                       |            0.493790|             0.554928|           0.032612|         1.081330
337  |*i_0_0_173                       |            0.009119|             0.019225|           0.017393|         0.045736
338  |*i_0_0_174                       |            0.556647|             0.350840|           0.018105|         0.925592
339  |*i_0_0_175                       |            0.470572|             0.502740|           0.032612|         1.005923
340  |*i_0_0_176                       |            0.035437|             0.078053|           0.017393|         0.130884
341  |*i_0_0_177                       |            0.213227|             0.237577|           0.014353|         0.465157
342  |*i_0_0_178                       |            0.819731|             3.469906|           0.047399|         4.337036
343  |*i_0_0_179                       |            0.325231|             0.222600|           0.022619|         0.570451
344  |*i_0_0_180                       |            0.454157|             2.098094|           0.022695|         2.574946
345  |*i_0_0_181                       |            0.062746|             0.094666|           0.032612|         0.190024
346  |*i_0_0_182                       |            0.325338|             0.223955|           0.022619|         0.571912
347  |*i_0_0_183                       |            0.068019|             0.102264|           0.032612|         0.202895
348  |*i_0_0_184                       |            0.212055|             0.236270|           0.014353|         0.462678
349  |*i_0_0_185                       |            0.814637|             3.450824|           0.047399|         4.312860
350  |*i_0_0_186                       |            0.174806|             0.194768|           0.014353|         0.383928
351  |*i_0_0_187                       |            0.659394|             2.844672|           0.047399|         3.551465
352  |*i_0_0_188                       |            0.202349|             0.225457|           0.014353|         0.442159
353  |*i_0_0_189                       |            0.773400|             3.292885|           0.047399|         4.113685
354  |*i_0_0_190                       |            0.307054|             0.211499|           0.022619|         0.541172
355  |*i_0_0_191                       |            0.060736|             0.091301|           0.032612|         0.184649
356  |*i_0_0_192                       |            0.338409|             0.205528|           0.022619|         0.566557
357  |*i_0_0_193                       |            0.467175|             0.500663|           0.032612|         1.000450
358  |*i_0_0_194                       |            0.471730|             3.390620|           0.017393|         3.879743
359  |*i_0_0_195                       |            0.754190|             9.991279|           0.027858|        10.773327
360  |*i_0_0_196                       |            0.350081|             0.637211|           0.017393|         1.004685
361  |*i_0_0_197                       |            0.184144|             0.587308|           0.022619|         0.794072
362  |*i_0_0_198                       |            0.514550|             1.431053|           0.036441|         1.982044
363  |*i_0_0_199                       |            0.014486|             0.173867|           0.014353|         0.202706
364  |*i_0_0_200                       |            0.038815|             0.616435|           0.032601|         0.687852
365  |*i_0_0_201                       |            0.076067|             2.383595|           0.021200|         2.480861
366  |*i_0_0_202                       |            0.264177|             2.195535|           0.017393|         2.477106
367  |*i_0_0_203                       |            0.077145|             0.457200|           0.021200|         0.555544
368  |*i_0_0_204                       |            0.110903|             0.049162|           0.021200|         0.181265
369  |*i_0_0_205                       |            0.556942|             0.249636|           0.025066|         0.831645
370  |*i_0_0_206                       |            0.371716|             0.164249|           0.025066|         0.561032
371  |*i_0_0_207                       |            0.412686|             0.253560|           0.027858|         0.694105
372  |*i_0_0_208                       |            0.412686|             0.253560|           0.027858|         0.694105
373  |*i_0_0_209                       |            0.412686|             0.253560|           0.027858|         0.694105
374  |*i_0_0_210                       |            0.554645|             3.052202|           0.017393|         3.624240
375  |*i_0_0_211                       |            0.360320|             0.209137|           0.034026|         0.603483
376  |*i_0_0_212                       |            0.360320|             0.209137|           0.034026|         0.603483
377  |*i_0_0_213                       |            0.532917|             0.237522|           0.025066|         0.795506
378  |*i_0_0_214                       |            0.446824|             0.197076|           0.025066|         0.668966
379  |*i_0_0_215                       |            0.457897|             0.201973|           0.025066|         0.684936
380  |*i_0_0_216                       |            0.530699|             0.236536|           0.025066|         0.792301
381  |*i_0_0_217                       |            0.542758|             0.241889|           0.025066|         0.809713
382  |*i_0_0_218                       |            0.542547|             0.241795|           0.025066|         0.809408
383  |*i_0_0_219                       |            0.340279|             0.211268|           0.027858|         0.579405
384  |*i_0_0_220                       |            0.340279|             0.211268|           0.027858|         0.579405
385  |*i_0_0_221                       |            0.461202|             5.210928|           0.027858|         5.699988
386  |*i_0_0_222                       |            0.866327|             1.555075|           0.022039|         2.443442
387  |*i_0_0_223                       |            0.117420|             0.259148|           0.017393|         0.393961
388  |*i_0_0_224                       |            0.101595|             0.224562|           0.017393|         0.343550
389  |*i_0_0_225                       |            0.415553|             0.587774|           0.027858|         1.031186
390  |*i_0_0_226                       |            0.043612|             0.083675|           0.021200|         0.148487
391  |*i_0_0_227                       |            0.471251|             0.636568|           0.027858|         1.135677
392  |*i_0_0_228                       |            0.471251|             0.636568|           0.027858|         1.135677
393  |*i_0_0_229                       |            0.199049|             0.672029|           0.026832|         0.897910
394  |*i_0_0_230                       |            0.424603|             1.263417|           0.014353|         1.702373
395  |*i_0_0_231                       |            0.615457|             9.504499|           0.017393|        10.137349
396  |*i_0_0_232                       |            0.377030|             0.484860|           0.022619|         0.884509
397  |*i_0_0_233                       |            0.138952|             0.598505|           0.017393|         0.754850
398  |*i_0_0_234                       |            0.377030|             0.484860|           0.022619|         0.884509
399  |*i_0_0_235                       |            0.138952|             0.598505|           0.017393|         0.754850
400  |*i_0_0_236                       |            1.270362|             1.561301|           0.035928|         2.867592
401  |*i_0_0_237                       |            0.399847|             1.000132|           0.022619|         1.422598
402  |*i_0_0_238                       |            1.967740|             1.400725|           0.036441|         3.404906
403  |*i_0_0_239                       |            0.096458|             0.178326|           0.017393|         0.292178
404  |*i_0_0_240                       |            0.402950|             1.005042|           0.022619|         1.430611
405  |*i_0_0_241                       |            0.096458|             0.178326|           0.017393|         0.292178
406  |*i_0_0_242                       |            1.359203|             2.444885|           0.025066|         3.829154
407  |*i_0_0_243                       |            1.269308|             1.562397|           0.035928|         2.867633
408  |*i_0_0_244                       |            1.262635|             1.553330|           0.035928|         2.851894
409  |*i_0_0_245                       |            1.263558|             1.553555|           0.035928|         2.853042
410  |*i_0_0_246                       |            0.345557|             0.585103|           0.017393|         0.948053
411  |*i_0_0_247                       |            0.097814|             0.365099|           0.017393|         0.480306
412  |*i_0_0_248                       |            0.345475|             0.589768|           0.017393|         0.952636
413  |*i_0_0_249                       |            0.097814|             0.365099|           0.017393|         0.480306
414  |*i_0_0_250                       |            0.536381|             3.138491|           0.022619|         3.697492
415  |*i_0_0_251                       |            0.462062|             0.805637|           0.027858|         1.295558
416  |*i_0_0_252                       |            0.481118|             1.541435|           0.022619|         2.045172
417  |*i_0_0_253                       |            0.147146|             7.906371|           0.021200|         8.074716
418  |*i_0_0_254                       |            1.496804|             0.887123|           0.022695|         2.406622
419  |*i_0_0_255                       |            1.051385|             0.906153|           0.022619|         1.980158
420  |*i_0_0_256                       |            0.011752|             0.022283|           0.026832|         0.060866
421  |*i_0_0_257                       |            0.105171|             0.457284|           0.018105|         0.580559
422  |*i_0_0_258                       |            0.137639|             0.575454|           0.017393|         0.730487
423  |*i_0_0_259                       |            0.285379|             1.089644|           0.017393|         1.392417
424  |*i_0_0_260                       |            0.054999|             0.313532|           0.014353|         0.382885
425  |*i_0_0_261                       |            0.094061|             1.568062|           0.027858|         1.689982
426  |*i_0_0_262                       |            0.000000|             0.000000|           0.025066|         0.025066
427  |*i_0_0_263                       |            0.000001|             0.000001|           0.032601|         0.032603
428  |*i_0_0_264                       |            0.005749|             0.007403|           0.018127|         0.031279
429  |*i_0_0_265                       |            0.059934|             0.074036|           0.032601|         0.166572
430  |*i_0_0_266                       |            0.077796|             0.150435|           0.021200|         0.249431
431  |*i_0_0_267                       |            0.059570|             0.044721|           0.032601|         0.136892
432  |*i_0_0_268                       |            0.079481|             0.146764|           0.021200|         0.247444
433  |*i_0_0_269                       |            0.113900|             0.171924|           0.022619|         0.308443
434  |*i_0_0_270                       |            0.006301|             0.009745|           0.018105|         0.034151
435  |*i_0_0_271                       |            0.060054|             0.083276|           0.032601|         0.175932
436  |*i_0_0_272                       |            0.082917|             0.117647|           0.032601|         0.233166
437  |*i_0_0_273                       |            0.101056|             0.161249|           0.026832|         0.289136
438  |*i_0_0_274                       |            1.142014|             1.301907|           0.033938|         2.477859
439  |*i_0_0_275                       |            0.015689|             0.012139|           0.025066|         0.052895
440  |*i_0_0_276                       |            0.611458|             0.710791|           0.022619|         1.344868
441  |*i_0_0_277                       |            0.116099|             0.222511|           0.027858|         0.366469
442  |*i_0_0_278                       |            0.461451|             2.291060|           0.014353|         2.766864
443  |*i_0_0_279                       |            0.878115|             8.990746|           0.022619|         9.891480
444  |*i_0_0_280                       |            0.372701|             0.672253|           0.022619|         1.067574
445  |*i_0_0_281                       |            0.015880|             0.017091|           0.025066|         0.058037
446  |*i_0_0_282                       |            0.592576|             0.921440|           0.034566|         1.548582
447  |*i_0_0_283                       |            0.698882|             0.993553|           0.017393|         1.709828
448  |*i_0_0_284                       |            0.157939|             0.668088|           0.022695|         0.848722
449  |*i_0_0_285                       |            0.102133|             0.420874|           0.027858|         0.550865
450  |*i_0_0_286                       |            0.000000|             0.000000|           0.014353|         0.014353
451  |*i_0_0_287                       |            0.000001|             0.000005|           0.024415|         0.024421
452  |*i_0_0_288                       |            0.010492|             0.009502|           0.018105|         0.038099
453  |*i_0_0_289                       |            1.001571|             1.155469|           0.025066|         2.182106
454  |*i_0_0_290                       |            0.790005|             0.593077|           0.032601|         1.415684
455  |*i_0_0_291                       |            0.058530|             0.079082|           0.032601|         0.170214
456  |*i_0_0_292                       |            0.693471|             0.800558|           0.032601|         1.526631
457  |*i_0_0_293                       |            0.012402|             0.015664|           0.017393|         0.045460
458  |*i_0_0_294                       |            0.058451|             0.072944|           0.032601|         0.163996
459  |*i_0_0_295                       |            0.075739|             0.144722|           0.021200|         0.241660
460  |*i_0_0_296                       |            0.005084|             0.005073|           0.018105|         0.028262
461  |*i_0_0_297                       |            0.058558|             0.081201|           0.032601|         0.172361
462  |*i_0_0_298                       |            0.075726|             0.163258|           0.021200|         0.260183
463  |*i_0_0_299                       |            0.075734|             0.151781|           0.021200|         0.248714
464  |*i_0_0_300                       |            0.891529|             1.420321|           0.022619|         2.334469
465  |*i_0_0_301                       |            0.373745|             0.407803|           0.041741|         0.823288
466  |*i_0_0_302                       |            0.669674|             0.914891|           0.026832|         1.611397
467  |*i_0_0_303                       |            0.011451|             0.014964|           0.017393|         0.043808
468  |*i_0_0_304                       |            0.027149|             0.031206|           0.022619|         0.080974
469  |*i_0_0_305                       |            0.059819|             0.270722|           0.014353|         0.344895
470  |*i_0_0_306                       |            0.073935|             1.166955|           0.017393|         1.258283
471  |*i_0_0_307                       |            0.000000|             0.000000|           0.018127|         0.018127
472  |*i_0_0_308                       |            0.000184|             0.000450|           0.021200|         0.021834
473  |*i_0_0_309                       |            0.003343|             0.004597|           0.018127|         0.026066
474  |*i_0_0_310                       |            0.064752|             0.081796|           0.032601|         0.179149
475  |*i_0_0_311                       |            0.084446|             0.166122|           0.021200|         0.271768
476  |*i_0_0_312                       |            0.064728|             0.079958|           0.032601|         0.177288
477  |*i_0_0_313                       |            0.064711|             0.078633|           0.032601|         0.175946
478  |*i_0_0_314                       |            0.090663|             0.118259|           0.032601|         0.241524
479  |*i_0_0_315                       |            0.694113|             0.756116|           0.032601|         1.482831
480  |*i_0_0_316                       |            0.720341|             1.119152|           0.018105|         1.857597
481  |*i_0_0_317                       |            0.294775|             0.652988|           0.021200|         0.968962
482  |*i_0_0_318                       |            0.294787|             0.635534|           0.021200|         0.951520
483  |*i_0_0_319                       |            0.077490|             0.706756|           0.017393|         0.801640
484  |*i_0_0_320                       |            0.893421|             1.262158|           0.022619|         2.178199
485  |*i_0_0_321                       |            0.373745|             0.407803|           0.041741|         0.823288
486  |*i_0_0_322                       |            0.669674|             0.914891|           0.026832|         1.611397
487  |*i_0_0_323                       |            0.011451|             0.014964|           0.017393|         0.043808
488  |*i_0_0_324                       |            0.027149|             0.031206|           0.022619|         0.080974
489  |*i_0_0_325                       |            0.511472|             3.154228|           0.027858|         3.693558
490  |*i_0_0_326                       |            0.956157|             0.905058|           0.022619|         1.883835
491  |*i_0_0_327                       |            0.273043|             0.588794|           0.017393|         0.879231
492  |*i_0_0_328                       |            0.548546|             2.405267|           0.017393|         2.971207
493  |*i_0_0_329                       |            0.060576|             0.158550|           0.014353|         0.233479
494  |*i_0_0_330                       |            0.075158|             1.386012|           0.017393|         1.478564
495  |*i_0_0_331                       |            0.177536|             1.839631|           0.014353|         2.031519
496  |*i_0_0_332                       |            0.369240|             2.679683|           0.027858|         3.076782
497  |*i_0_0_333                       |            0.317576|             0.523665|           0.027858|         0.869099
498  |*i_0_0_334                       |            0.209940|             1.077904|           0.017393|         1.305238
499  |*i_0_0_335                       |            0.243459|             0.330354|           0.027858|         0.601671
500  |*i_0_0_336                       |            0.078011|             0.318321|           0.017393|         0.413725
501  |*i_0_0_337                       |            0.156060|             0.480500|           0.026832|         0.663392
502  |*i_0_0_338                       |            0.240328|             1.011067|           0.014353|         1.265748
503  |*i_0_0_339                       |            0.465102|             3.262530|           0.027858|         3.755490
504  |*i_0_0_340                       |            0.285100|             1.701294|           0.017393|         2.003788
505  |*i_0_0_341                       |            0.076543|             0.175637|           0.017393|         0.269573
506  |*i_0_0_342                       |            0.285172|             1.752317|           0.017393|         2.054882
507  |*i_0_0_343                       |            0.076543|             0.175637|           0.017393|         0.269573
508  |*i_0_0_344                       |            0.323034|             1.321555|           0.017393|         1.661982
509  |*i_0_0_345                       |            0.165549|             1.851146|           0.018105|         2.034800
510  |*i_0_0_346                       |            0.418975|             4.115224|           0.017393|         4.551593
511  |*i_0_0_347                       |            0.388911|             1.154119|           0.022619|         1.565650
512  |*i_0_0_348                       |            0.076646|             0.178326|           0.017393|         0.272366
513  |*i_0_0_349                       |            0.388911|             1.154119|           0.022619|         1.565650
514  |*i_0_0_350                       |            0.076646|             0.178326|           0.017393|         0.272366
515  |*i_0_0_351                       |            1.296688|             2.597085|           0.035928|         3.929702
516  |*i_0_0_352                       |            0.371110|             1.299724|           0.021200|         1.692034
517  |*i_0_0_353                       |            0.440028|             1.546832|           0.021200|         2.008059
518  |*i_0_0_354                       |            0.245964|             1.070738|           0.021200|         1.337901
519  |*i_0_0_355                       |            0.220744|             0.404613|           0.026832|         0.652188
520  |*i_0_0_356                       |            0.542938|             1.451929|           0.027858|         2.022726
521  |*i_0_0_357                       |            0.236308|             1.159210|           0.014353|         1.409871
522  |*i_0_0_358                       |            0.563308|             4.635407|           0.027858|         5.226573
523  |*i_0_0_359                       |            0.428760|             1.556170|           0.021200|         2.006129
524  |*i_0_0_360                       |            1.239615|             2.308543|           0.025066|         3.573225
525  |*i_0_0_361                       |            1.298606|             2.600540|           0.035928|         3.935075
526  |*i_0_0_362                       |            1.144954|             2.296971|           0.035928|         3.477853
527  |*i_0_0_363                       |            1.297562|             2.599422|           0.035928|         3.932914
528  |*i_0_0_364                       |            0.238994|             1.172385|           0.014353|         1.425733
529  |*i_0_0_365                       |            0.570312|             4.688092|           0.027858|         5.286262
530  |*i_0_0_366                       |            0.273075|             1.988008|           0.014353|         2.275437
531  |*i_0_0_367                       |            0.565471|             3.967231|           0.027858|         4.560561
532  |*i_0_0_368                       |            0.435991|             1.577736|           0.021200|         2.034926
533  |*i_0_0_369                       |            1.240725|             1.428571|           0.036164|         2.705460
534  |*i_0_0_370                       |            0.601741|             1.192505|           0.017393|         1.811639
535  |*i_0_0_371                       |            0.133029|             0.726264|           0.017393|         0.876686
536  |*i_0_0_372                       |            0.534570|             0.835571|           0.021200|         1.391341
537  |*i_0_0_373                       |            0.164214|             2.223904|           0.021200|         2.409317
538  |*i_0_0_374                       |            0.456679|             0.932717|           0.017393|         1.406789
539  |*i_0_0_375                       |            0.242788|             0.948856|           0.017393|         1.209037
540  |*i_0_0_376                       |            0.300569|             1.178577|           0.017393|         1.496539
541  |*i_0_0_377                       |            0.411220|             0.806414|           0.017393|         1.235027
542  |*i_0_0_378                       |            0.334075|             4.414083|           0.017393|         4.765551
543  |*i_0_0_379                       |            0.618247|             2.408010|           0.021200|         3.047457
544  |*i_0_0_380                       |            0.463835|             2.733719|           0.014353|         3.211908
545  |*i_0_0_381                       |            0.657028|            14.058599|           0.017393|        14.733020
546  |*i_0_0_382                       |            0.675751|             6.015209|           0.021200|         6.712159
547  |*i_0_0_383                       |            0.467544|             5.416930|           0.014353|         5.898828
548  |*i_0_0_384                       |            0.665123|            17.067614|           0.021200|        17.753939
549  |*i_0_0_385                       |            0.650064|             1.526598|           0.014353|         2.191015
550  |*i_0_0_386                       |            0.726174|             1.705333|           0.014353|         2.445860
551  |*i_0_0_387                       |            0.418617|             0.854682|           0.014353|         1.287652
552  |*i_0_0_388                       |            0.376501|             1.676247|           0.014353|         2.067101
553  |*i_0_0_389                       |            0.376501|             1.676247|           0.014353|         2.067101
554  |*i_0_0_390                       |            0.376501|             1.676247|           0.014353|         2.067101
555  |*i_0_0_391                       |            0.699818|             8.167291|           0.014353|         8.881462
556  |*i_0_0_392                       |            0.118863|             0.685453|           0.014353|         0.818668
557  |*i_0_0_393                       |            0.118611|             1.843475|           0.014353|         1.976439
558  |*i_0_0_394                       |            0.206951|             0.596627|           0.014353|         0.817931
559  |*i_0_0_395                       |            0.059539|             0.165750|           0.014353|         0.239642
560  |*i_0_0_396                       |            0.355452|             8.513639|           0.014353|         8.883444
561  |*i_0_0_397                       |            0.356454|             3.133233|           0.014353|         3.504041
562  |*i_0_0_398                       |            0.355446|             9.984239|           0.014353|        10.354038
563  |*i_0_0_399                       |            0.356583|             2.095059|           0.014353|         2.465995
564  |*i_0_0_400                       |            0.084340|             0.065072|           0.021200|         0.170611
565  |*clk_gate_DMA_offset_reg         |            0.010768|             0.014745|           0.059138|         0.084651
566  |*finishCNN_reg_enable_mux_0      |            1.165844|             0.375352|           0.035928|         1.577124
567  |*DMA_start_reg_enable_mux_0      |            1.141147|             0.364338|           0.035928|         1.541413
568  |*poolingState_reg[0]_enable_mux_0|            1.282346|             0.436169|           0.035928|         1.754443
569  |*poolingReset_reg_enable_mux_0   |            1.179829|             0.386920|           0.035928|         1.602678
570  |                                 |                    |                     |                   |                 
571  |*TOTAL                           |          449.345001|           800.602661|         709.568604|      1959.516113
-----+---------------------------------+--------------------+---------------------+-------------------+-----------------
