warning: No library characterized for (process = 1.00 voltage = 0.85 temperature = 25.00) can be found in the database for power domain '/PD_TOP'  [NL-174]
Report Power (instances with prefix '*' are included in total) : 
-----+----------+--------------------+---------------------+-------------------+-----------------
     | Instance | Internal Power(uw) | Switching Power(uw) | Leakage Power(uw) | Total Power(uw) 
-----+----------+--------------------+---------------------+-------------------+-----------------
1    |*i_0_0_0  |            3.797784|             2.559615|           0.075762|         6.433161
2    |*i_0_0_1  |            3.798254|             2.608778|           0.075762|         6.482793
3    |*i_0_0_2  |            2.739443|             2.174211|           0.061230|         4.974883
4    |*i_0_0_3  |            3.799255|             2.691579|           0.075762|         6.566596
5    |*i_0_0_4  |            3.551867|             2.325928|           0.075762|         5.953557
6    |*i_0_0_5  |            3.799255|             2.691579|           0.075762|         6.566596
7    |*i_0_0_6  |            3.631036|             2.669904|           0.075762|         6.376702
8    |*i_0_0_7  |            3.795618|             2.394031|           0.075762|         6.265411
9    |*i_0_0_8  |            3.653921|             2.691579|           0.075762|         6.421262
10   |*i_0_0_9  |            3.795618|             2.394031|           0.075762|         6.265411
11   |*i_0_0_10 |            3.653921|             2.691579|           0.075762|         6.421262
12   |*i_0_0_11 |            3.795618|             2.394031|           0.075762|         6.265411
13   |*i_0_0_12 |            3.653921|             2.691579|           0.075762|         6.421262
14   |*i_0_0_13 |            3.795618|             2.394031|           0.075762|         6.265411
15   |*i_0_0_14 |            3.653921|             2.691579|           0.075762|         6.421262
16   |*i_0_0_15 |            3.795618|             2.394031|           0.075762|         6.265411
17   |*i_0_0_16 |            3.653921|             2.691579|           0.075762|         6.421262
18   |*i_0_0_17 |            3.795618|             2.394031|           0.075762|         6.265411
19   |*i_0_0_18 |            3.653921|             2.691579|           0.075762|         6.421262
20   |*i_0_0_19 |            3.795618|             2.394031|           0.075762|         6.265411
21   |*i_0_0_20 |            3.653921|             2.691579|           0.075762|         6.421262
22   |*i_0_0_21 |            3.795618|             2.394031|           0.075762|         6.265411
23   |*i_0_0_22 |            3.653921|             2.691579|           0.075762|         6.421262
24   |*i_0_0_23 |            3.795618|             2.394031|           0.075762|         6.265411
25   |*i_0_0_24 |            3.653921|             2.691579|           0.075762|         6.421262
26   |*i_0_0_25 |            3.795618|             2.394031|           0.075762|         6.265411
27   |*i_0_0_26 |            3.653921|             2.691579|           0.075762|         6.421262
28   |*i_0_0_27 |            3.795350|             2.355665|           0.075762|         6.226778
29   |*i_0_0_28 |            3.650019|             2.468648|           0.075762|         6.194429
30   |*i_0_0_29 |            2.700032|             0.804284|           0.061230|         3.565546
31   |*i_0_0_30 |            3.429548|             1.021539|           0.075762|         4.526849
32   |*i_0_0_31 |            3.544734|             1.975450|           0.075762|         5.595947
33   |*i_0_0_32 |            3.563322|             1.988219|           0.075762|         5.627303
34   |*i_0_0_33 |            3.551845|             1.982898|           0.075762|         5.610505
35   |*i_0_0_34 |            3.565794|             1.990082|           0.075762|         5.631638
36   |*i_0_0_35 |            3.567976|             1.991877|           0.075762|         5.635615
37   |*i_0_0_36 |            3.568347|             1.992326|           0.075762|         5.636435
38   |*i_0_0_37 |            3.568351|             1.992438|           0.075762|         5.636552
39   |*i_0_0_38 |            3.568309|             1.992466|           0.075762|         5.636537
40   |*i_0_0_39 |            3.568276|             1.992473|           0.075762|         5.636512
41   |*i_0_0_40 |            3.568257|             1.992475|           0.075762|         5.636494
42   |*i_0_0_41 |            3.568247|             1.992476|           0.075762|         5.636485
43   |*i_0_0_42 |            3.568241|             1.992476|           0.075762|         5.636479
44   |*i_0_0_43 |            3.573956|             2.244662|           0.075762|         5.894380
45   |*i_0_0_44 |            1.139498|             3.827161|           0.025066|         4.991725
46   |*i_0_0_45 |            1.139492|             3.824824|           0.025066|         4.989381
47   |*i_0_0_46 |            1.139492|             3.825116|           0.025066|         4.989675
48   |*i_0_0_47 |            1.139510|             3.831102|           0.025066|         4.995678
49   |*i_0_0_48 |            1.139517|             3.833440|           0.025066|         4.998022
50   |*i_0_0_49 |            1.139510|             3.831102|           0.025066|         4.995678
51   |*i_0_0_50 |            1.139517|             3.833440|           0.025066|         4.998022
52   |*i_0_0_51 |            1.139510|             3.830959|           0.025066|         4.995534
53   |*i_0_0_52 |            1.139522|             3.835341|           0.025066|         4.999929
54   |*i_0_0_53 |            1.139515|             3.833004|           0.025066|         4.997585
55   |*i_0_0_54 |            1.139516|             3.833296|           0.025066|         4.997878
56   |*i_0_0_55 |            1.139534|             3.839282|           0.025066|         5.003881
57   |*i_0_0_56 |            1.139541|             3.841619|           0.025066|         5.006225
58   |*i_0_0_57 |            0.748994|             4.139225|           0.027858|         4.916078
59   |*i_0_0_58 |            0.978359|             1.308310|           0.022619|         2.309289
60   |*i_0_0_59 |            1.612436|             2.855882|           0.036441|         4.504759
61   |*i_0_0_60 |            1.637926|             1.302206|           0.036164|         2.976295
62   |*i_0_0_61 |            1.472406|             2.898603|           0.036441|         4.407450
63   |*i_0_0_62 |            1.460373|             1.302761|           0.036441|         2.799575
64   |*i_0_0_63 |            1.742521|             1.125192|           0.036441|         2.904155
65   |          |                    |                     |                   |                 
66   |*TOTAL    |          183.999481|           166.100037|           3.862738|       353.962280
-----+----------+--------------------+---------------------+-------------------+-----------------
