Report Physical info: 
------------------------+-------------+-----------+------------
                        |             |Area (squm)|Leakage (uW)
------------------------+-------------+-----------+------------
Design Name             |Pooling_2x2  |           |            
  Total Instances       |           64|        257|       4.631
    Macros              |            0|          0|       0.000
    Pads                |            0|          0|       0.000
    Phys                |            0|          0|       0.000
    Blackboxes          |            0|          0|       0.000
    Cells               |           64|        257|       4.631
      Buffers           |            0|          0|       0.000
      Inverters         |            0|          0|       0.000
      Clock-Gates       |            0|          0|       0.000
      Combinational     |           50|        194|       3.523
      Latches           |            0|          0|       0.000
      FlipFlops         |           14|         63|       1.108
       Single-Bit FF    |           14|         63|       1.108
       Multi-Bit FF     |            0|          0|       0.000
       Clock-Gated      |            0|           |            
       Bits             |           14|         63|       1.108
         Load-Enabled   |            0|           |            
         Clock-Gated    |            0|           |            
  Tristate Pin Count    |            0|           |            
Physical Info           |Placed       |           |            
  Chip Size (mm x mm)   |0.081 x 0.081|       6511|            
  Fixed Cell Area       |             |          0|            
    Phys Only           |            0|          0|            
  Placeable Area        |             |        402|            
  Movable Cell Area     |             |        257|            
  Utilization (%)       |           63|           |            
  Chip Utilization (%)  |           63|           |            
  Total Wire Length (mm)|        4.166|           |            
  Longest Wire (mm)     |        0.055|           |            
  Average Wire (mm)     |        0.053|           |            
------------------------+-------------+-----------+------------
