Report for group default
Report for group I2R
Report for group I2O
------------------------------------------------------------------------------------------------------------------------------------------------------------
Startpoint: image_in[0][1][0]
    (Clocked by rtDefaultClock R)
Endpoint: pixel_out[13]
    (Clocked by vsysclk R)
Path Group: I2O
Data required time: 42000.0
    (Clock shift: 60000.0, minus Uncertainty: 0.0, plus Latency 0.0, minus Out delay: 18000.0)
Data arrival time: 2005.1
Slack: 39994.9
Logic depth: 17
------------------------------------------------------------------------------------------------------------------------------------------------------------
                                                     Arrival               Arc      Net               Net    Total   fan-                                   
Path                     Module/Cell           Edge     Time    Delay    Delay    Delay     Slew     Load     Load    out     Location Power Domain      (V)
                                                        (ps)     (ps)     (ps)     (ps)     (ps)     (ff)     (ff)    (#)      (um,um)                      
------------------------------------------------------------------------------------------------------------------------------------------------------------
image_in[0][1][0]        {set_input_delay}        f    700.0    700.0    700.0                        6.6     10.4      1    51,   78                       
i_0_0/i_0/A->CO          FA_X1                   ff    821.5    121.5    120.7      0.8    100.0      0.8      4.2      1    39,   38  /PD_TOP        (1.10)
i_0_0/i_2/B->S           HA_X1                   ff    885.2     63.7     63.7      0.0     16.8      0.8      4.5      1    39,   38  /PD_TOP        (1.10)
i_0_0/i_34/A->CO         FA_X1                   ff    964.8     79.6     79.6      0.0     14.4      0.8      3.6      1    39,   38  /PD_TOP        (1.10)
i_0_0/i_35/CI->CO        FA_X1                   ff   1039.0     74.2     74.2      0.0     15.9      0.8      3.6      1    39,   38  /PD_TOP        (1.10)
i_0_0/i_36/CI->CO        FA_X1                   ff   1113.2     74.2     74.2      0.0     15.9      0.8      3.6      1    39,   38  /PD_TOP        (1.10)
i_0_0/i_37/CI->CO        FA_X1                   ff   1187.4     74.2     74.2      0.0     15.9      0.8      3.6      1    39,   38  /PD_TOP        (1.10)
i_0_0/i_38/CI->CO        FA_X1                   ff   1261.6     74.2     74.2      0.0     15.9      0.8      3.6      1    39,   38  /PD_TOP        (1.10)
i_0_0/i_39/CI->CO        FA_X1                   ff   1335.8     74.2     74.2      0.0     15.9      0.8      3.6      1    39,   38  /PD_TOP        (1.10)
i_0_0/i_40/CI->CO        FA_X1                   ff   1410.0     74.2     74.2      0.0     15.9      0.8      3.6      1    39,   38  /PD_TOP        (1.10)
i_0_0/i_41/CI->CO        FA_X1                   ff   1484.2     74.2     74.2      0.0     15.9      0.8      3.6      1    39,   38  /PD_TOP        (1.10)
i_0_0/i_42/CI->CO        FA_X1                   ff   1558.4     74.2     74.2      0.0     15.9      0.8      3.6      1    39,   38  /PD_TOP        (1.10)
i_0_0/i_43/CI->CO        FA_X1                   ff   1632.6     74.2     74.2      0.0     15.9      0.8      3.6      1    39,   38  /PD_TOP        (1.10)
i_0_0/i_44/CI->CO        FA_X1                   ff   1706.8     74.2     74.2      0.0     15.9      0.8      3.6      1    39,   38  /PD_TOP        (1.10)
i_0_0/i_45/CI->CO        FA_X1                   ff   1781.0     74.2     74.2      0.0     15.9      0.8      3.6      1    39,   38  /PD_TOP        (1.10)
i_0_0/i_46/CI->CO        FA_X1                   ff   1855.2     74.2     74.2      0.0     15.9      0.8      3.6      1    39,   38  /PD_TOP        (1.10)
i_0_0/i_47/CI->CO        FA_X1                   ff   1931.4     76.2     76.2      0.0     15.9      0.7      4.4      1    39,   38  /PD_TOP        (1.10)
i_0_0/i_49/B->ZN         XNOR2_X2                fr   2004.3     72.9     72.9      0.0     17.0      6.9     16.9      1    39,   38  /PD_TOP        (1.10)
pixel_out[13]                                     r   2005.1      0.8               0.8     52.5                              0,   24                       
------------------------------------------------------------------------------------------------------------------------------------------------------------
Report for group R2O
