warning: No library characterized for (process = 1.00 voltage = 0.85 temperature = 25.00) can be found in the database for power domain '/PD_TOP'  [NL-174]
Report Power (instances with prefix '*' are included in total) : 
-----+----------+--------------------+---------------------+-------------------+-----------------
     | Instance | Internal Power(uw) | Switching Power(uw) | Leakage Power(uw) | Total Power(uw) 
-----+----------+--------------------+---------------------+-------------------+-----------------
1    |*i_0_2    |           49.902229|            39.647999|           1.244143|        90.794365
2    |*i_0_3    |           51.061005|            39.805500|           1.244143|        92.110649
3    |*i_0_5    |           53.117214|            43.462242|           1.244143|        97.823601
4    |*i_0_6    |           54.323704|            42.889690|           1.244143|        98.457535
5    |*i_0_8    |           54.457966|            44.619835|           1.244143|       100.321945
6    |*i_0_9    |           55.748810|            44.716473|           1.244143|       101.709427
7    |*i_0_11   |           54.927696|            45.384872|           1.244143|       101.556709
8    |*i_0_12   |           56.237839|            44.986794|           1.244143|       102.468773
9    |*i_0_14   |           55.104191|            45.550999|           1.244143|       101.899338
10   |*i_0_15   |           56.431400|            45.220715|           1.244143|       102.896255
11   |*i_0_17   |           55.174999|            45.572048|           1.244143|       101.991196
12   |*i_0_18   |           56.512501|            45.363846|           1.244143|       103.120491
13   |*i_0_20   |           55.204792|            45.576351|           1.244143|       102.025291
14   |*i_0_21   |           56.547028|            45.428944|           1.244143|       103.220116
15   |*i_0_23   |           55.217010|            45.561279|           1.244143|       102.022430
16   |*i_0_24   |           56.562309|            45.473724|           1.244143|       103.280174
17   |*i_0_26   |           55.220757|            45.508408|           1.244143|       101.973312
18   |*i_0_27   |           56.570190|            45.539406|           1.244143|       103.353745
19   |*i_0_29   |           55.222244|            45.481541|           1.244143|       101.947929
20   |*i_0_30   |           56.573685|            45.571789|           1.244143|       103.389618
21   |*i_0_32   |           55.222351|            45.453144|           1.244143|       101.919640
22   |*i_0_33   |           56.575638|            45.602577|           1.244143|       103.422356
23   |*i_0_35   |           55.221539|            45.394531|           1.244143|       101.860214
24   |*i_0_36   |           56.577229|            45.662220|           1.244143|       103.483589
25   |*i_0_38   |           55.221745|            45.394749|           1.244143|       101.860641
26   |*i_0_39   |           56.577450|            45.662453|           1.244143|       103.484047
27   |*i_0_41   |           55.234882|            45.817867|           1.244143|       102.296898
28   |*i_0_42   |           56.566635|            45.239510|           1.244143|       103.050285
29   |*i_0_44   |           55.234924|            45.817917|           1.244143|       102.296982
30   |*i_0_45   |           56.566677|            45.239555|           1.244143|       103.050377
31   |*i_0_0_0  |            0.462666|             5.377892|           0.014353|         5.854911
32   |*i_0_0_1  |            1.764429|             7.683452|           0.047399|         9.495280
33   |*i_0_0_2  |            0.462857|             5.444254|           0.014353|         5.921464
34   |*i_0_0_3  |            1.766087|             7.687602|           0.047399|         9.501088
35   |*i_0_0_4  |            0.462598|             5.441590|           0.014353|         5.918541
36   |*i_0_0_5  |            1.765588|             7.683307|           0.047399|         9.496294
37   |*i_0_0_6  |            0.462489|             5.437251|           0.014353|         5.914093
38   |*i_0_0_7  |            1.765402|             7.681444|           0.047399|         9.494245
39   |*i_0_0_8  |            0.462532|             5.348292|           0.014353|         5.825177
40   |*i_0_0_9  |            1.765331|             7.680794|           0.047399|         9.493524
41   |*i_0_0_10 |            0.462421|             5.450753|           0.014353|         5.927526
42   |*i_0_0_11 |            1.765296|             7.680531|           0.047399|         9.493226
43   |*i_0_0_12 |            0.462492|             5.365187|           0.014353|         5.842031
44   |*i_0_0_13 |            1.765273|             7.680395|           0.047399|         9.493067
45   |*i_0_0_14 |            0.462408|             5.449648|           0.014353|         5.926409
46   |*i_0_0_15 |            1.765250|             7.680300|           0.047399|         9.492949
47   |*i_0_0_16 |            0.462401|             5.449949|           0.014353|         5.926702
48   |*i_0_0_17 |            1.765210|             7.680191|           0.047399|         9.492799
49   |*i_0_0_18 |            0.462392|             5.446794|           0.014353|         5.923539
50   |*i_0_0_19 |            1.765125|             7.679999|           0.047399|         9.492523
51   |*i_0_0_20 |            0.462449|             5.358013|           0.014353|         5.834815
52   |*i_0_0_21 |            1.764932|             7.679584|           0.047399|         9.491915
53   |*i_0_0_22 |            0.462297|             5.459972|           0.014353|         5.936622
54   |*i_0_0_23 |            1.764485|             7.678637|           0.047399|         9.490520
55   |*i_0_0_24 |            0.462260|             5.355816|           0.014353|         5.832429
56   |*i_0_0_25 |            1.763446|             7.676436|           0.047399|         9.487281
57   |*i_0_0_26 |            0.461951|             5.351289|           0.014353|         5.827593
58   |*i_0_0_27 |            1.761021|             7.671293|           0.047399|         9.479713
59   |*i_0_0_28 |            0.461125|             5.445180|           0.014353|         5.920658
60   |*i_0_0_29 |            1.439908|             7.657879|           0.041741|         9.139528
61   |*i_0_0_30 |            0.459527|             8.548144|           0.014353|         9.022023
62   |*i_0_0_31 |            1.446358|             7.679011|           0.041741|         9.167110
63   |*i_0_0_32 |            0.951186|             1.471042|           0.025066|         2.447295
64   |*i_0_0_33 |            0.667224|            14.882411|           0.021200|        15.570835
65   |*i_0_0_34 |            0.484746|            13.602110|           0.021200|        14.108056
66   |*i_0_0_35 |            1.125854|            13.342506|           0.025066|        14.493426
67   |*i_0_0_36 |            0.462606|             5.442252|           0.014353|         5.919210
68   |*i_0_0_37 |            1.764427|             7.683449|           0.047399|         9.495275
69   |*i_0_0_38 |            0.464902|             3.337205|           0.014353|         3.816461
70   |*i_0_0_39 |            1.766084|             7.687598|           0.047399|         9.501081
71   |*i_0_0_40 |            0.464575|             3.402302|           0.014353|         3.881229
72   |*i_0_0_41 |            1.765586|             7.683302|           0.047399|         9.496287
73   |*i_0_0_42 |            0.464462|             3.401476|           0.014353|         3.880291
74   |*i_0_0_43 |            1.765400|             7.681439|           0.047399|         9.494238
75   |*i_0_0_44 |            0.464423|             3.401189|           0.014353|         3.879965
76   |*i_0_0_45 |            1.765329|             7.680790|           0.047399|         9.493518
77   |*i_0_0_46 |            0.464407|             3.401072|           0.014353|         3.879832
78   |*i_0_0_47 |            1.765294|             7.680526|           0.047399|         9.493219
79   |*i_0_0_48 |            0.464398|             3.401011|           0.014353|         3.879763
80   |*i_0_0_49 |            1.765272|             7.680390|           0.047399|         9.493061
81   |*i_0_0_50 |            0.464393|             3.400969|           0.014353|         3.879715
82   |*i_0_0_51 |            1.765248|             7.680294|           0.047399|         9.492941
83   |*i_0_0_52 |            0.464386|             3.400921|           0.014353|         3.879660
84   |*i_0_0_53 |            1.765208|             7.680186|           0.047399|         9.492793
85   |*i_0_0_54 |            0.464375|             3.400836|           0.014353|         3.879564
86   |*i_0_0_55 |            1.765123|             7.679995|           0.047399|         9.492516
87   |*i_0_0_56 |            0.464349|             3.400653|           0.014353|         3.879355
88   |*i_0_0_57 |            1.764929|             7.679580|           0.047399|         9.491908
89   |*i_0_0_58 |            0.464292|             3.400233|           0.014353|         3.878878
90   |*i_0_0_59 |            1.764482|             7.678631|           0.047399|         9.490513
91   |*i_0_0_60 |            0.464159|             3.399258|           0.014353|         3.877770
92   |*i_0_0_61 |            1.763443|             7.676431|           0.047399|         9.487272
93   |*i_0_0_62 |            0.463848|             3.396981|           0.014353|         3.875182
94   |*i_0_0_63 |            1.761019|             7.671288|           0.047399|         9.479705
95   |*i_0_0_64 |            0.463114|             3.391605|           0.014353|         3.869072
96   |*i_0_0_65 |            1.439908|             7.657873|           0.041741|         9.139521
97   |*i_0_0_66 |            0.463666|            20.351831|           0.014353|        20.829851
98   |*i_0_0_67 |            1.446357|             7.679007|           0.041741|         9.167105
99   |*i_0_0_68 |            0.951183|             1.471038|           0.025066|         2.447287
100  |*i_0_0_69 |            0.667224|            14.882411|           0.021200|        15.570835
101  |*i_0_0_70 |            0.485627|            13.602110|           0.021200|        14.108937
102  |*i_0_0_71 |            0.512927|            13.342506|           0.021200|        13.876633
103  |*i_0_0_72 |            0.462701|             5.339561|           0.014353|         5.816616
104  |*i_0_0_73 |            1.764423|             7.683438|           0.047399|         9.495260
105  |*i_0_0_74 |            0.464901|             3.337202|           0.014353|         3.816456
106  |*i_0_0_75 |            1.767846|             7.687589|           0.047399|         9.502834
107  |*i_0_0_76 |            0.464574|             3.402297|           0.014353|         3.881224
108  |*i_0_0_77 |            1.766320|             7.683292|           0.047399|         9.497011
109  |*i_0_0_78 |            0.464461|             3.401471|           0.014353|         3.880286
110  |*i_0_0_79 |            1.765669|             7.681427|           0.047399|         9.494496
111  |*i_0_0_80 |            0.464422|             3.401183|           0.014353|         3.879958
112  |*i_0_0_81 |            1.765441|             7.680779|           0.047399|         9.493619
113  |*i_0_0_82 |            0.464406|             3.401067|           0.014353|         3.879826
114  |*i_0_0_83 |            1.765346|             7.680515|           0.047399|         9.493260
115  |*i_0_0_84 |            0.464398|             3.401006|           0.014353|         3.879757
116  |*i_0_0_85 |            1.765295|             7.680378|           0.047399|         9.493072
117  |*i_0_0_86 |            0.464392|             3.400964|           0.014353|         3.879709
118  |*i_0_0_87 |            1.765258|             7.680282|           0.047399|         9.492939
119  |*i_0_0_88 |            0.464385|             3.400916|           0.014353|         3.879655
120  |*i_0_0_89 |            1.765211|             7.680174|           0.047399|         9.492784
121  |*i_0_0_90 |            0.464374|             3.400831|           0.014353|         3.879558
122  |*i_0_0_91 |            1.765121|             7.679982|           0.047399|         9.492502
123  |*i_0_0_92 |            0.464349|             3.400647|           0.014353|         3.879349
124  |*i_0_0_93 |            1.764926|             7.679568|           0.047399|         9.491893
125  |*i_0_0_94 |            0.464291|             3.400227|           0.014353|         3.878872
126  |*i_0_0_95 |            1.764477|             7.678619|           0.047399|         9.490496
127  |*i_0_0_96 |            0.464158|             3.399253|           0.014353|         3.877764
128  |*i_0_0_97 |            1.763438|             7.676420|           0.047399|         9.487256
129  |*i_0_0_98 |            0.463847|             3.396976|           0.014353|         3.875176
130  |*i_0_0_99 |            1.761013|             7.671276|           0.047399|         9.479687
131  |*i_0_0_100|            0.463113|             3.391599|           0.014353|         3.869066
132  |*i_0_0_101|            1.439895|             7.657862|           0.041741|         9.139497
133  |*i_0_0_102|            0.463665|            20.351803|           0.014353|        20.829823
134  |*i_0_0_103|            1.446355|             7.678996|           0.041741|         9.167092
135  |*i_0_0_104|            0.951176|             1.471027|           0.025066|         2.447269
136  |*i_0_0_105|            0.667224|            14.882411|           0.021200|        15.570835
137  |*i_0_0_106|            0.513029|            13.602110|           0.021200|        14.136339
138  |*i_0_0_107|            0.489234|            13.342506|           0.021200|        13.852940
139  |*i_0_0_108|            0.462617|             5.428077|           0.014353|         5.905047
140  |*i_0_0_109|            1.764412|             7.683415|           0.047399|         9.495226
141  |*i_0_0_110|            0.464900|             3.337192|           0.014353|         3.816445
142  |*i_0_0_111|            1.767834|             7.687566|           0.047399|         9.502800
143  |*i_0_0_112|            0.464573|             3.402287|           0.014353|         3.881213
144  |*i_0_0_113|            1.766309|             7.683270|           0.047399|         9.496978
145  |*i_0_0_114|            0.464460|             3.401460|           0.014353|         3.880273
146  |*i_0_0_115|            1.765657|             7.681403|           0.047399|         9.494459
147  |*i_0_0_116|            0.464420|             3.401172|           0.014353|         3.879945
148  |*i_0_0_117|            1.765428|             7.680752|           0.047399|         9.493579
149  |*i_0_0_118|            0.464404|             3.401054|           0.014353|         3.879812
150  |*i_0_0_119|            1.765333|             7.680488|           0.047399|         9.493220
151  |*i_0_0_120|            0.464396|             3.400995|           0.014353|         3.879744
152  |*i_0_0_121|            1.765283|             7.680352|           0.047399|         9.493034
153  |*i_0_0_122|            0.464390|             3.400952|           0.014353|         3.879695
154  |*i_0_0_123|            1.765246|             7.680256|           0.047399|         9.492901
155  |*i_0_0_124|            0.464384|             3.400904|           0.014353|         3.879641
156  |*i_0_0_125|            1.765197|             7.680147|           0.047399|         9.492743
157  |*i_0_0_126|            0.464372|             3.400819|           0.014353|         3.879544
158  |*i_0_0_127|            1.765109|             7.679955|           0.047399|         9.492463
159  |*i_0_0_128|            0.464347|             3.400635|           0.014353|         3.879335
160  |*i_0_0_129|            1.764913|             7.679540|           0.047399|         9.491852
161  |*i_0_0_130|            0.464290|             3.400215|           0.014353|         3.878859
162  |*i_0_0_131|            1.764465|             7.678593|           0.047399|         9.490456
163  |*i_0_0_132|            0.464157|             3.399241|           0.014353|         3.877751
164  |*i_0_0_133|            1.763425|             7.676391|           0.047399|         9.487215
165  |*i_0_0_134|            0.463846|             3.396963|           0.014353|         3.875162
166  |*i_0_0_135|            1.761000|             7.671248|           0.047399|         9.479647
167  |*i_0_0_136|            0.463112|             3.391587|           0.014353|         3.869051
168  |*i_0_0_137|            1.439889|             7.657833|           0.041741|         9.139463
169  |*i_0_0_138|            0.463664|            20.351736|           0.014353|        20.829754
170  |*i_0_0_139|            1.446351|             7.678971|           0.041741|         9.167063
171  |*i_0_0_140|            0.951160|             1.471001|           0.025066|         2.447227
172  |*i_0_0_141|            0.667224|            14.882411|           0.021200|        15.570835
173  |*i_0_0_142|            0.513029|            13.602110|           0.021200|        14.136339
174  |*i_0_0_143|            0.489234|            13.342506|           0.021200|        13.852940
175  |*i_0_0_144|            0.462611|             5.431059|           0.014353|         5.908023
176  |*i_0_0_145|            1.764386|             7.683362|           0.047399|         9.495147
177  |*i_0_0_146|            0.464897|             3.337169|           0.014353|         3.816419
178  |*i_0_0_147|            1.766043|             7.687514|           0.047399|         9.500956
179  |*i_0_0_148|            0.464569|             3.402263|           0.014353|         3.881185
180  |*i_0_0_149|            1.766283|             7.683216|           0.047399|         9.496897
181  |*i_0_0_150|            0.464457|             3.401437|           0.014353|         3.880247
182  |*i_0_0_151|            1.765633|             7.681351|           0.047399|         9.494383
183  |*i_0_0_152|            0.464417|             3.401146|           0.014353|         3.879916
184  |*i_0_0_153|            1.765400|             7.680692|           0.047399|         9.493491
185  |*i_0_0_154|            0.464401|             3.401028|           0.014353|         3.879782
186  |*i_0_0_155|            1.765304|             7.680426|           0.047399|         9.493129
187  |*i_0_0_156|            0.464392|             3.400966|           0.014353|         3.879712
188  |*i_0_0_157|            1.765254|             7.680289|           0.047399|         9.492942
189  |*i_0_0_158|            0.464387|             3.400924|           0.014353|         3.879664
190  |*i_0_0_159|            1.765216|             7.680193|           0.047399|         9.492808
191  |*i_0_0_160|            0.464380|             3.400876|           0.014353|         3.879609
192  |*i_0_0_161|            1.765168|             7.680084|           0.047399|         9.492651
193  |*i_0_0_162|            0.464368|             3.400791|           0.014353|         3.879513
194  |*i_0_0_163|            1.765078|             7.679893|           0.047399|         9.492370
195  |*i_0_0_164|            0.464343|             3.400607|           0.014353|         3.879304
196  |*i_0_0_165|            1.764883|             7.679478|           0.047399|         9.491760
197  |*i_0_0_166|            0.464286|             3.400187|           0.014353|         3.878827
198  |*i_0_0_167|            1.764435|             7.678529|           0.047399|         9.490363
199  |*i_0_0_168|            0.464153|             3.399213|           0.014353|         3.877719
200  |*i_0_0_169|            1.763396|             7.676329|           0.047399|         9.487123
201  |*i_0_0_170|            0.463842|             3.396935|           0.014353|         3.875130
202  |*i_0_0_171|            1.760969|             7.671184|           0.047399|         9.479552
203  |*i_0_0_172|            0.463108|             3.391557|           0.014353|         3.869018
204  |*i_0_0_173|            1.439876|             7.657766|           0.041741|         9.139383
205  |*i_0_0_174|            0.463660|            20.351585|           0.014353|        20.829599
206  |*i_0_0_175|            1.446340|             7.678914|           0.041741|         9.166995
207  |*i_0_0_176|            0.951122|             1.470942|           0.025066|         2.447130
208  |*i_0_0_177|            0.667224|            14.882411|           0.021200|        15.570835
209  |*i_0_0_178|            0.513225|            13.576960|           0.021200|        14.111385
210  |*i_0_0_179|            0.488885|            13.367657|           0.021200|        13.877742
211  |*i_0_0_180|            0.462604|             5.430595|           0.014353|         5.907552
212  |*i_0_0_181|            1.764327|             7.683239|           0.047399|         9.494966
213  |*i_0_0_182|            0.464889|             3.337116|           0.014353|         3.816359
214  |*i_0_0_183|            1.765983|             7.687392|           0.047399|         9.500774
215  |*i_0_0_184|            0.464562|             3.402206|           0.014353|         3.881121
216  |*i_0_0_185|            1.765482|             7.683088|           0.047399|         9.495969
217  |*i_0_0_186|            0.464449|             3.401380|           0.014353|         3.880182
218  |*i_0_0_187|            1.765572|             7.681221|           0.047399|         9.494192
219  |*i_0_0_188|            0.464410|             3.401092|           0.014353|         3.879855
220  |*i_0_0_189|            1.765343|             7.680573|           0.047399|         9.493315
221  |*i_0_0_190|            0.464392|             3.400966|           0.014353|         3.879712
222  |*i_0_0_191|            1.765240|             7.680288|           0.047399|         9.492927
223  |*i_0_0_192|            0.464384|             3.400903|           0.014353|         3.879640
224  |*i_0_0_193|            1.765186|             7.680145|           0.047399|         9.492730
225  |*i_0_0_194|            0.464378|             3.400860|           0.014353|         3.879591
226  |*i_0_0_195|            1.765146|             7.680048|           0.047399|         9.492593
227  |*i_0_0_196|            0.464371|             3.400811|           0.014353|         3.879536
228  |*i_0_0_197|            1.765099|             7.679938|           0.047399|         9.492436
229  |*i_0_0_198|            0.464360|             3.400726|           0.014353|         3.879439
230  |*i_0_0_199|            1.765010|             7.679745|           0.047399|         9.492154
231  |*i_0_0_200|            0.464334|             3.400542|           0.014353|         3.879230
232  |*i_0_0_201|            1.764814|             7.679330|           0.047399|         9.491543
233  |*i_0_0_202|            0.464277|             3.400122|           0.014353|         3.878752
234  |*i_0_0_203|            1.764365|             7.678381|           0.047399|         9.490146
235  |*i_0_0_204|            0.464144|             3.399147|           0.014353|         3.877645
236  |*i_0_0_205|            1.763325|             7.676181|           0.047399|         9.486905
237  |*i_0_0_206|            0.463833|             3.396869|           0.014353|         3.875055
238  |*i_0_0_207|            1.760899|             7.671035|           0.047399|         9.479333
239  |*i_0_0_208|            0.463098|             3.391490|           0.014353|         3.868941
240  |*i_0_0_209|            1.439845|             7.657613|           0.041741|         9.139200
241  |*i_0_0_210|            0.463652|            20.351234|           0.014353|        20.829241
242  |*i_0_0_211|            1.446315|             7.678782|           0.041741|         9.166837
243  |*i_0_0_212|            0.951034|             1.470805|           0.025066|         2.446904
244  |*i_0_0_213|            0.667224|            14.882411|           0.021200|        15.570835
245  |*i_0_0_214|            0.513323|            13.564384|           0.021200|        14.098908
246  |*i_0_0_215|            0.488710|            13.380232|           0.021200|        13.890142
247  |*i_0_0_216|            0.462626|             5.388114|           0.014353|         5.865094
248  |*i_0_0_217|            1.764192|             7.682955|           0.047399|         9.494546
249  |*i_0_0_218|            0.464872|             3.336993|           0.014353|         3.816219
250  |*i_0_0_219|            1.765843|             7.687109|           0.047399|         9.500351
251  |*i_0_0_220|            0.464544|             3.402076|           0.014353|         3.880972
252  |*i_0_0_221|            1.765339|             7.682792|           0.047399|         9.495530
253  |*i_0_0_222|            0.464430|             3.401246|           0.014353|         3.880029
254  |*i_0_0_223|            1.765151|             7.680919|           0.047399|         9.493469
255  |*i_0_0_224|            0.464391|             3.400957|           0.014353|         3.879701
256  |*i_0_0_225|            1.765198|             7.680267|           0.047399|         9.492865
257  |*i_0_0_226|            0.464375|             3.400842|           0.014353|         3.879570
258  |*i_0_0_227|            1.765106|             7.680007|           0.047399|         9.492512
259  |*i_0_0_228|            0.464364|             3.400761|           0.014353|         3.879478
260  |*i_0_0_229|            1.765033|             7.679824|           0.047399|         9.492256
261  |*i_0_0_230|            0.464358|             3.400712|           0.014353|         3.879422
262  |*i_0_0_231|            1.764989|             7.679714|           0.047399|         9.492101
263  |*i_0_0_232|            0.464351|             3.400662|           0.014353|         3.879366
264  |*i_0_0_233|            1.764938|             7.679601|           0.047399|         9.491938
265  |*i_0_0_234|            0.464339|             3.400576|           0.014353|         3.879268
266  |*i_0_0_235|            1.764849|             7.679407|           0.047399|         9.491655
267  |*i_0_0_236|            0.464314|             3.400392|           0.014353|         3.879059
268  |*i_0_0_237|            1.764653|             7.678990|           0.047399|         9.491043
269  |*i_0_0_238|            0.464256|             3.399971|           0.014353|         3.878581
270  |*i_0_0_239|            1.764204|             7.678041|           0.047399|         9.489644
271  |*i_0_0_240|            0.464123|             3.398995|           0.014353|         3.877472
272  |*i_0_0_241|            1.763163|             7.675837|           0.047399|         9.486399
273  |*i_0_0_242|            0.463812|             3.396715|           0.014353|         3.874880
274  |*i_0_0_243|            1.760736|             7.670688|           0.047399|         9.478823
275  |*i_0_0_244|            0.463077|             3.391332|           0.014353|         3.868763
276  |*i_0_0_245|            1.439774|             7.657260|           0.041741|         9.138775
277  |*i_0_0_246|            0.463633|            20.350416|           0.014353|        20.828403
278  |*i_0_0_247|            1.446257|             7.678473|           0.041741|         9.166471
279  |*i_0_0_248|            0.950829|             1.470486|           0.025066|         2.446381
280  |*i_0_0_249|            0.667224|            14.882411|           0.021200|        15.570835
281  |*i_0_0_250|            0.513422|            13.551809|           0.021200|        14.086431
282  |*i_0_0_251|            0.488535|            13.392807|           0.021200|        13.902542
283  |*i_0_0_252|            0.462546|             5.430866|           0.014353|         5.907765
284  |*i_0_0_253|            1.763878|             7.682295|           0.047399|         9.493572
285  |*i_0_0_254|            0.464833|             3.336708|           0.014353|         3.815894
286  |*i_0_0_255|            1.765520|             7.686453|           0.047399|         9.499372
287  |*i_0_0_256|            0.464502|             3.401771|           0.014353|         3.880626
288  |*i_0_0_257|            1.765007|             7.682106|           0.047399|         9.494511
289  |*i_0_0_258|            0.464388|             3.400934|           0.014353|         3.879676
290  |*i_0_0_259|            1.764817|             7.680216|           0.047399|         9.492432
291  |*i_0_0_260|            0.464348|             3.400643|           0.014353|         3.879344
292  |*i_0_0_261|            1.764743|             7.679558|           0.047399|         9.491700
293  |*i_0_0_262|            0.464332|             3.400526|           0.014353|         3.879212
294  |*i_0_0_263|            1.764710|             7.679295|           0.047399|         9.491403
295  |*i_0_0_264|            0.464325|             3.400470|           0.014353|         3.879148
296  |*i_0_0_265|            1.764723|             7.679168|           0.047399|         9.491290
297  |*i_0_0_266|            0.464312|             3.400381|           0.014353|         3.879046
298  |*i_0_0_267|            1.764634|             7.678965|           0.047399|         9.490998
299  |*i_0_0_268|            0.464304|             3.400318|           0.014353|         3.878975
300  |*i_0_0_269|            1.764571|             7.678824|           0.047399|         9.490794
301  |*i_0_0_270|            0.464292|             3.400228|           0.014353|         3.878873
302  |*i_0_0_271|            1.764477|             7.678622|           0.047399|         9.490498
303  |*i_0_0_272|            0.464266|             3.400043|           0.014353|         3.878662
304  |*i_0_0_273|            1.764280|             7.678202|           0.047399|         9.489880
305  |*i_0_0_274|            0.464208|             3.399620|           0.014353|         3.878182
306  |*i_0_0_275|            1.763829|             7.677248|           0.047399|         9.488476
307  |*i_0_0_276|            0.464075|             3.398643|           0.014353|         3.877071
308  |*i_0_0_277|            1.762787|             7.675040|           0.047399|         9.485226
309  |*i_0_0_278|            0.463763|             3.396359|           0.014353|         3.874475
310  |*i_0_0_279|            1.760358|             7.669883|           0.047399|         9.477640
311  |*i_0_0_280|            0.463027|             3.390968|           0.014353|         3.868348
312  |*i_0_0_281|            1.439609|             7.656436|           0.041741|         9.137786
313  |*i_0_0_282|            0.463590|            20.348520|           0.014353|        20.826464
314  |*i_0_0_283|            1.446122|             7.677757|           0.041741|         9.165620
315  |*i_0_0_284|            0.950353|             1.469746|           0.025066|         2.445165
316  |*i_0_0_285|            0.667224|            14.882411|           0.021200|        15.570835
317  |*i_0_0_286|            0.513618|            13.526659|           0.021200|        14.061477
318  |*i_0_0_287|            0.488186|            13.417957|           0.021200|        13.927343
319  |*i_0_0_288|            0.462550|             5.327137|           0.014353|         5.804039
320  |*i_0_0_289|            1.763150|             7.680764|           0.047399|         9.491313
321  |*i_0_0_290|            0.464740|             3.336047|           0.014353|         3.815140
322  |*i_0_0_291|            1.764770|             7.684929|           0.047399|         9.497098
323  |*i_0_0_292|            0.464406|             3.401064|           0.014353|         3.879823
324  |*i_0_0_293|            1.764237|             7.680508|           0.047399|         9.492144
325  |*i_0_0_294|            0.464289|             3.400211|           0.014353|         3.878853
326  |*i_0_0_295|            1.764036|             7.678582|           0.047399|         9.490017
327  |*i_0_0_296|            0.464248|             3.399912|           0.014353|         3.878514
328  |*i_0_0_297|            1.763958|             7.677907|           0.047399|         9.489264
329  |*i_0_0_298|            0.464232|             3.399791|           0.014353|         3.878377
330  |*i_0_0_299|            1.763923|             7.677635|           0.047399|         9.488957
331  |*i_0_0_300|            0.464224|             3.399734|           0.014353|         3.878311
332  |*i_0_0_301|            1.763905|             7.677505|           0.047399|         9.488809
333  |*i_0_0_302|            0.464220|             3.399705|           0.014353|         3.878278
334  |*i_0_0_303|            1.763912|             7.677439|           0.047399|         9.488750
335  |*i_0_0_304|            0.464198|             3.399546|           0.014353|         3.878098
336  |*i_0_0_305|            1.763746|             7.677080|           0.047399|         9.488225
337  |*i_0_0_306|            0.464182|             3.399426|           0.014353|         3.877962
338  |*i_0_0_307|            1.763621|             7.676810|           0.047399|         9.487830
339  |*i_0_0_308|            0.464155|             3.399232|           0.014353|         3.877740
340  |*i_0_0_309|            1.763414|             7.676371|           0.047399|         9.487184
341  |*i_0_0_310|            0.464097|             3.398805|           0.014353|         3.877255
342  |*i_0_0_311|            1.762960|             7.675406|           0.047399|         9.485765
343  |*i_0_0_312|            0.463963|             3.397822|           0.014353|         3.876138
344  |*i_0_0_313|            1.761913|             7.673188|           0.047399|         9.482500
345  |*i_0_0_314|            0.463650|             3.395529|           0.014353|         3.873532
346  |*i_0_0_315|            1.759478|             7.668009|           0.047399|         9.474886
347  |*i_0_0_316|            0.462911|             3.390118|           0.014353|         3.867383
348  |*i_0_0_317|            1.439225|             7.654517|           0.041741|         9.135483
349  |*i_0_0_318|            0.463490|            20.344101|           0.014353|        20.821943
350  |*i_0_0_319|            1.445807|             7.676091|           0.041741|         9.163639
351  |*i_0_0_320|            0.949247|             1.468024|           0.025066|         2.442338
352  |*i_0_0_321|            0.667224|            14.882411|           0.021200|        15.570835
353  |*i_0_0_322|            0.513716|            13.514084|           0.021200|        14.049000
354  |*i_0_0_323|            0.488011|            13.430532|           0.021200|        13.939743
355  |*i_0_0_324|            0.462254|             5.413138|           0.014353|         5.889746
356  |*i_0_0_325|            1.761469|             7.677221|           0.047399|         9.486089
357  |*i_0_0_326|            0.464526|             3.334510|           0.014353|         3.813389
358  |*i_0_0_327|            1.763030|             7.681388|           0.047399|         9.491817
359  |*i_0_0_328|            0.464181|             3.399417|           0.014353|         3.877951
360  |*i_0_0_329|            1.762447|             7.676790|           0.047399|         9.486636
361  |*i_0_0_330|            0.464059|             3.398524|           0.014353|         3.876935
362  |*i_0_0_331|            1.762222|             7.674772|           0.047399|         9.484393
363  |*i_0_0_332|            0.464015|             3.398206|           0.014353|         3.876575
364  |*i_0_0_333|            1.762133|             7.674054|           0.047399|         9.483586
365  |*i_0_0_334|            0.463998|             3.398077|           0.014353|         3.876428
366  |*i_0_0_335|            1.762091|             7.673763|           0.047399|         9.483254
367  |*i_0_0_336|            0.463989|             3.398015|           0.014353|         3.876358
368  |*i_0_0_337|            1.762071|             7.673623|           0.047399|         9.483093
369  |*i_0_0_338|            0.463985|             3.397983|           0.014353|         3.876322
370  |*i_0_0_339|            1.762061|             7.673552|           0.047399|         9.483011
371  |*i_0_0_340|            0.463983|             3.397966|           0.014353|         3.876302
372  |*i_0_0_341|            1.762063|             7.673514|           0.047399|         9.482976
373  |*i_0_0_342|            0.463936|             3.397622|           0.014353|         3.875911
374  |*i_0_0_343|            1.761699|             7.672737|           0.047399|         9.481834
375  |*i_0_0_344|            0.463899|             3.397357|           0.014353|         3.875610
376  |*i_0_0_345|            1.761418|             7.672138|           0.047399|         9.480955
377  |*i_0_0_346|            0.463838|             3.396907|           0.014353|         3.875098
378  |*i_0_0_347|            1.760940|             7.671122|           0.047399|         9.479461
379  |*i_0_0_348|            0.463702|             3.395909|           0.014353|         3.873964
380  |*i_0_0_349|            1.759880|             7.668866|           0.047399|         9.476145
381  |*i_0_0_350|            0.463385|             3.393593|           0.014353|         3.871331
382  |*i_0_0_351|            1.757427|             7.663636|           0.047399|         9.468462
383  |*i_0_0_352|            0.462640|             3.388135|           0.014353|         3.865129
384  |*i_0_0_353|            1.438329|             7.650040|           0.041741|         9.130109
385  |*i_0_0_354|            0.463255|            20.333784|           0.014353|        20.811392
386  |*i_0_0_355|            1.445074|             7.672198|           0.041741|         9.159013
387  |*i_0_0_356|            0.946674|             1.464019|           0.025066|         2.435759
388  |*i_0_0_357|            0.667224|            14.882411|           0.021200|        15.570835
389  |*i_0_0_358|            0.513814|            13.501509|           0.021200|        14.036523
390  |*i_0_0_359|            0.487836|            13.443108|           0.021200|        13.952144
391  |*i_0_0_360|            0.461757|             5.410361|           0.014353|         5.886471
392  |*i_0_0_361|            1.757584|             7.669007|           0.047399|         9.473991
393  |*i_0_0_362|            0.464027|             3.330926|           0.014353|         3.809306
394  |*i_0_0_363|            1.758989|             7.673134|           0.047399|         9.479522
395  |*i_0_0_364|            0.463655|             3.395563|           0.014353|         3.873571
396  |*i_0_0_365|            1.758274|             7.668087|           0.047399|         9.473759
397  |*i_0_0_366|            0.463518|             3.394566|           0.014353|         3.872437
398  |*i_0_0_367|            1.757984|             7.665833|           0.047399|         9.471216
399  |*i_0_0_368|            0.463468|             3.394200|           0.014353|         3.872021
400  |*i_0_0_369|            1.757863|             7.665007|           0.047399|         9.470269
401  |*i_0_0_370|            0.463448|             3.394047|           0.014353|         3.871848
402  |*i_0_0_371|            1.757806|             7.664663|           0.047399|         9.469868
403  |*i_0_0_372|            0.463437|             3.393974|           0.014353|         3.871764
404  |*i_0_0_373|            1.757777|             7.664496|           0.047399|         9.469673
405  |*i_0_0_374|            0.463432|             3.393935|           0.014353|         3.871721
406  |*i_0_0_375|            1.757762|             7.664411|           0.047399|         9.469572
407  |*i_0_0_376|            0.463430|             3.393916|           0.014353|         3.871699
408  |*i_0_0_377|            1.757755|             7.664366|           0.047399|         9.469520
409  |*i_0_0_378|            0.463428|             3.393905|           0.014353|         3.871687
410  |*i_0_0_379|            1.757750|             7.664342|           0.047399|         9.469492
411  |*i_0_0_380|            0.463319|             3.393106|           0.014353|         3.870779
412  |*i_0_0_381|            1.756912|             7.662538|           0.047399|         9.466849
413  |*i_0_0_382|            0.463234|             3.392485|           0.014353|         3.870073
414  |*i_0_0_383|            1.756257|             7.661135|           0.047399|         9.464791
415  |*i_0_0_384|            0.463089|             3.391422|           0.014353|         3.868864
416  |*i_0_0_385|            1.755135|             7.658733|           0.047399|         9.461268
417  |*i_0_0_386|            0.462764|             3.389043|           0.014353|         3.866160
418  |*i_0_0_387|            1.752633|             7.653362|           0.047399|         9.453394
419  |*i_0_0_388|            0.462004|             3.383472|           0.014353|         3.859829
420  |*i_0_0_389|            1.436226|             7.639511|           0.041741|         9.117477
421  |*i_0_0_390|            0.462702|            20.309525|           0.014353|        20.786579
422  |*i_0_0_391|            1.443349|             7.663043|           0.041741|         9.148133
423  |*i_0_0_392|            0.940666|             1.454665|           0.025066|         2.420397
424  |*i_0_0_393|            0.667224|            14.882411|           0.021200|        15.570835
425  |*i_0_0_394|            0.514010|            13.476358|           0.021200|        14.011568
426  |*i_0_0_395|            0.487487|            13.468258|           0.021200|        13.976945
427  |*i_0_0_396|            0.460602|             5.396450|           0.014353|         5.871405
428  |*i_0_0_397|            1.748597|             7.649821|           0.047399|         9.445818
429  |*i_0_0_398|            0.462852|             3.322491|           0.014353|         3.799697
430  |*i_0_0_399|            1.749566|             7.653702|           0.047399|         9.450667
431  |*i_0_0_400|            0.462408|             3.386431|           0.014353|         3.863192
432  |*i_0_0_401|            1.748478|             7.647464|           0.047399|         9.443341
433  |*i_0_0_402|            0.462233|             3.385150|           0.014353|         3.861736
434  |*i_0_0_403|            1.747998|             7.644570|           0.047399|         9.439967
435  |*i_0_0_404|            0.462164|             3.384648|           0.014353|         3.861165
436  |*i_0_0_405|            1.747782|             7.643437|           0.047399|         9.438618
437  |*i_0_0_406|            0.462134|             3.384428|           0.014353|         3.860915
438  |*i_0_0_407|            1.747678|             7.642939|           0.047399|         9.438016
439  |*i_0_0_408|            0.462119|             3.384319|           0.014353|         3.860791
440  |*i_0_0_409|            1.747625|             7.642694|           0.047399|         9.437719
441  |*i_0_0_410|            0.462112|             3.384264|           0.014353|         3.860728
442  |*i_0_0_411|            1.747598|             7.642568|           0.047399|         9.437565
443  |*i_0_0_412|            0.462108|             3.384235|           0.014353|         3.860696
444  |*i_0_0_413|            1.747584|             7.642503|           0.047399|         9.437486
445  |*i_0_0_414|            0.462106|             3.384220|           0.014353|         3.860679
446  |*i_0_0_415|            1.747577|             7.642470|           0.047399|         9.437446
447  |*i_0_0_416|            0.462105|             3.384212|           0.014353|         3.860670
448  |*i_0_0_417|            1.747573|             7.642453|           0.047399|         9.437425
449  |*i_0_0_418|            0.461842|             3.382286|           0.014353|         3.858481
450  |*i_0_0_419|            1.745570|             7.638103|           0.047399|         9.431072
451  |*i_0_0_420|            0.461636|             3.380781|           0.014353|         3.856771
452  |*i_0_0_421|            1.744006|             7.634704|           0.047399|         9.426109
453  |*i_0_0_422|            0.461282|             3.378187|           0.014353|         3.853823
454  |*i_0_0_423|            1.741318|             7.628848|           0.047399|         9.417564
455  |*i_0_0_424|            0.460482|             3.372331|           0.014353|         3.847166
456  |*i_0_0_425|            1.431220|             7.614355|           0.041741|         9.087316
457  |*i_0_0_426|            0.461381|            20.251537|           0.014353|        20.727272
458  |*i_0_0_427|            1.439225|             7.641165|           0.041741|         9.122131
459  |*i_0_0_428|            0.926540|             1.432669|           0.025066|         2.384274
460  |*i_0_0_429|            0.667224|            14.882411|           0.021200|        15.570835
461  |*i_0_0_430|            0.514108|            13.463783|           0.021200|        13.999091
462  |*i_0_0_431|            0.487312|            13.480833|           0.021200|        13.989345
463  |*i_0_0_432|            0.457857|             5.343137|           0.014353|         5.815348
464  |*i_0_0_433|            1.727507|             7.603907|           0.047399|         9.378812
465  |*i_0_0_434|            0.460017|             3.302141|           0.014353|         3.776512
466  |*i_0_0_435|            1.729864|             7.606824|           0.047399|         9.384087
467  |*i_0_0_436|            0.459368|             3.364170|           0.014353|         3.837891
468  |*i_0_0_437|            1.726269|             7.597193|           0.047399|         9.370861
469  |*i_0_0_438|            0.459076|             3.362032|           0.014353|         3.835462
470  |*i_0_0_439|            1.724482|             7.592364|           0.047399|         9.364245
471  |*i_0_0_440|            0.458949|             3.361102|           0.014353|         3.834404
472  |*i_0_0_441|            1.723686|             7.590263|           0.047399|         9.361349
473  |*i_0_0_442|            0.458889|             3.360664|           0.014353|         3.833907
474  |*i_0_0_443|            1.723306|             7.589275|           0.047399|         9.359980
475  |*i_0_0_444|            0.458859|             3.360444|           0.014353|         3.833656
476  |*i_0_0_445|            1.723115|             7.588778|           0.047399|         9.359291
477  |*i_0_0_446|            0.458844|             3.360331|           0.014353|         3.833528
478  |*i_0_0_447|            1.723016|             7.588522|           0.047399|         9.358937
479  |*i_0_0_448|            0.458836|             3.360273|           0.014353|         3.833462
480  |*i_0_0_449|            1.722965|             7.588390|           0.047399|         9.358755
481  |*i_0_0_450|            0.458832|             3.360243|           0.014353|         3.833428
482  |*i_0_0_451|            1.722940|             7.588324|           0.047399|         9.358663
483  |*i_0_0_452|            0.458830|             3.360228|           0.014353|         3.833411
484  |*i_0_0_453|            1.722927|             7.588291|           0.047399|         9.358616
485  |*i_0_0_454|            0.458829|             3.360220|           0.014353|         3.833402
486  |*i_0_0_455|            1.722920|             7.588273|           0.047399|         9.358592
487  |*i_0_0_456|            0.458160|             3.355327|           0.014353|         3.827841
488  |*i_0_0_457|            1.717973|             7.577222|           0.047399|         9.342594
489  |*i_0_0_458|            0.457634|             3.351473|           0.014353|         3.823460
490  |*i_0_0_459|            1.714095|             7.568519|           0.047399|         9.330012
491  |*i_0_0_460|            0.456719|             3.344770|           0.014353|         3.815842
492  |*i_0_0_461|            1.418948|             7.552127|           0.041741|         9.012816
493  |*i_0_0_462|            0.458110|            20.107965|           0.014353|        20.580429
494  |*i_0_0_463|            1.429015|             7.586993|           0.041741|         9.057749
495  |*i_0_0_464|            0.892794|             1.380096|           0.025066|         2.297956
496  |*i_0_0_465|            0.667224|            14.882411|           0.021200|        15.570835
497  |*i_0_0_466|            0.487724|            13.451208|           0.021200|        13.960132
498  |*i_0_0_467|            0.513877|            13.493408|           0.021200|        14.028485
499  |*i_0_0_468|            0.450770|             5.282189|           0.014353|         5.747313
500  |*i_0_0_469|            1.675603|             7.486551|           0.047399|         9.209553
501  |*i_0_0_470|            0.452782|             3.250203|           0.014353|         3.717338
502  |*i_0_0_471|            1.672339|             7.487178|           0.047399|         9.206916
503  |*i_0_0_472|            0.451500|             3.306552|           0.014353|         3.772405
504  |*i_0_0_473|            1.666634|             7.467075|           0.047399|         9.181108
505  |*i_0_0_474|            0.450811|             3.301505|           0.014353|         3.766669
506  |*i_0_0_475|            1.663462|             7.455677|           0.047399|         9.166538
507  |*i_0_0_476|            0.450472|             3.299022|           0.014353|         3.763847
508  |*i_0_0_477|            1.661824|             7.450070|           0.047399|         9.159293
509  |*i_0_0_478|            0.450302|             3.297774|           0.014353|         3.762429
510  |*i_0_0_479|            1.660979|             7.447251|           0.047399|         9.155630
511  |*i_0_0_480|            0.450214|             3.297133|           0.014353|         3.761701
512  |*i_0_0_481|            1.660547|             7.445805|           0.047399|         9.153751
513  |*i_0_0_482|            0.450169|             3.296804|           0.014353|         3.761327
514  |*i_0_0_483|            1.660326|             7.445063|           0.047399|         9.152787
515  |*i_0_0_484|            0.450146|             3.296636|           0.014353|         3.761136
516  |*i_0_0_485|            1.660213|             7.444684|           0.047399|         9.152296
517  |*i_0_0_486|            0.450135|             3.296551|           0.014353|         3.761039
518  |*i_0_0_487|            1.660157|             7.444491|           0.047399|         9.152047
519  |*i_0_0_488|            0.450129|             3.296508|           0.014353|         3.760990
520  |*i_0_0_489|            1.660128|             7.444394|           0.047399|         9.151921
521  |*i_0_0_490|            0.450126|             3.296487|           0.014353|         3.760966
522  |*i_0_0_491|            1.660118|             7.444345|           0.047399|         9.151862
523  |*i_0_0_492|            0.450124|             3.296475|           0.014353|         3.760953
524  |*i_0_0_493|            1.660107|             7.444320|           0.047399|         9.151826
525  |*i_0_0_494|            0.448260|             3.282819|           0.014353|         3.745432
526  |*i_0_0_495|            1.647025|             7.413480|           0.047399|         9.107905
527  |*i_0_0_496|            0.446771|             3.271920|           0.014353|         3.733045
528  |*i_0_0_497|            1.386961|             7.387639|           0.041741|         8.816341
529  |*i_0_0_498|            0.449419|            19.726490|           0.014353|        20.190262
530  |*i_0_0_499|            1.401888|             7.443057|           0.041741|         8.886686
531  |*i_0_0_500|            0.809318|             1.249948|           0.025066|         2.084332
532  |*i_0_0_501|            0.667224|            14.882411|           0.021200|        15.570835
533  |*i_0_0_502|            0.514304|            13.438633|           0.021200|        13.974137
534  |*i_0_0_503|            0.485457|            13.505983|           0.021200|        14.012640
535  |*i_0_0_504|            0.429783|             4.939847|           0.014353|         5.383984
536  |*i_0_0_505|            1.589041|             7.136520|           0.047399|         8.772960
537  |*i_0_0_506|            0.432091|             3.101681|           0.014353|         3.548126
538  |*i_0_0_507|            1.588964|             7.145045|           0.047399|         8.781408
539  |*i_0_0_508|            0.428785|             3.140198|           0.014353|         3.583336
540  |*i_0_0_509|            1.568459|             7.091403|           0.047399|         8.707261
541  |*i_0_0_510|            0.426569|             3.123967|           0.014353|         3.564889
542  |*i_0_0_511|            1.554621|             7.054750|           0.047399|         8.656770
543  |*i_0_0_512|            0.425339|             3.114963|           0.014353|         3.554655
544  |*i_0_0_513|            1.546935|             7.034416|           0.047399|         8.628750
545  |*i_0_0_514|            0.424687|             3.110183|           0.014353|         3.549223
546  |*i_0_0_515|            1.542864|             7.023623|           0.047399|         8.613886
547  |*i_0_0_516|            0.424347|             3.107692|           0.014353|         3.546392
548  |*i_0_0_517|            1.540752|             7.017998|           0.047399|         8.606149
549  |*i_0_0_518|            0.424172|             3.106411|           0.014353|         3.544936
550  |*i_0_0_519|            1.539670|             7.015105|           0.047399|         8.602174
551  |*i_0_0_520|            0.424083|             3.105759|           0.014353|         3.544195
552  |*i_0_0_521|            1.539121|             7.013632|           0.047399|         8.600152
553  |*i_0_0_522|            0.424038|             3.105430|           0.014353|         3.543821
554  |*i_0_0_523|            1.538844|             7.012888|           0.047399|         8.599131
555  |*i_0_0_524|            0.424015|             3.105264|           0.014353|         3.543632
556  |*i_0_0_525|            1.538704|             7.012513|           0.047399|         8.598616
557  |*i_0_0_526|            0.424004|             3.105181|           0.014353|         3.543538
558  |*i_0_0_527|            1.538634|             7.012326|           0.047399|         8.598359
559  |*i_0_0_528|            0.423998|             3.105139|           0.014353|         3.543490
560  |*i_0_0_529|            1.538599|             7.012232|           0.047399|         8.598230
561  |*i_0_0_530|            0.423995|             3.105118|           0.014353|         3.543466
562  |*i_0_0_531|            1.538582|             7.012184|           0.047399|         8.598165
563  |*i_0_0_532|            0.417974|             3.061022|           0.014353|         3.493349
564  |*i_0_0_533|            1.296778|             6.911453|           0.041741|         8.249971
565  |*i_0_0_534|            0.423329|            18.581320|           0.014353|        19.019005
566  |*i_0_0_535|            1.320463|             7.010971|           0.041741|         8.373175
567  |*i_0_0_536|            0.504911|            12.214350|           0.021200|        12.740461
568  |*i_0_0_537|            0.518298|            12.491287|           0.021200|        13.030785
569  |*i_0_0_538|            0.655102|             0.904211|           0.025066|         1.584378
570  |*i_0_0_539|            0.536807|            10.665667|           0.021200|        11.223674
571  |*i_0_0_540|            1.223628|             4.184154|           0.025066|         5.432847
572  |*i_0_0_541|            1.207891|             2.020619|           0.025066|         3.253577
573  |*i_0_0_542|            1.187448|             2.038408|           0.025066|         3.250922
574  |*i_0_0_543|            1.160195|             1.992028|           0.025066|         3.177289
575  |*i_0_0_544|            1.141941|             1.960831|           0.025066|         3.127838
576  |*i_0_0_545|            1.131575|             1.943073|           0.025066|         3.099714
577  |*i_0_0_546|            1.126070|             1.933632|           0.025066|         3.084769
578  |*i_0_0_547|            1.123236|             1.928768|           0.025066|         3.077070
579  |*i_0_0_548|            1.121798|             1.926300|           0.025066|         3.073164
580  |*i_0_0_549|            1.121074|             1.925056|           0.025066|         3.071196
581  |*i_0_0_550|            1.120710|             1.924432|           0.025066|         3.070209
582  |*i_0_0_551|            1.120528|             1.924120|           0.025066|         3.069714
583  |*i_0_0_552|            1.120437|             1.923963|           0.025066|         3.069467
584  |*i_0_0_553|            1.120392|             1.923885|           0.025066|         3.069343
585  |*i_0_0_554|            1.120369|             1.923846|           0.025066|         3.069281
586  |*i_0_0_555|            1.120052|            15.807890|           0.025066|        16.953009
587  |*i_0_0_556|            0.807764|            22.299160|           0.027858|        23.134783
588  |*i_0_0_557|            0.762148|            22.454016|           0.027858|        23.244022
589  |*i_0_0_558|            0.690956|            22.585367|           0.027858|        23.304182
590  |*i_0_0_559|            0.629418|            22.633673|           0.027858|        23.290949
591  |*i_0_0_560|            0.585424|            22.647926|           0.027858|        23.261208
592  |*i_0_0_561|            0.558293|            22.651775|           0.027858|        23.237928
593  |*i_0_0_562|            0.543074|            22.652775|           0.027858|        23.223705
594  |*i_0_0_563|            0.534990|            22.653028|           0.027858|        23.215876
595  |*i_0_0_564|            0.530821|            22.653093|           0.027858|        23.211773
596  |*i_0_0_565|            0.528703|            22.653111|           0.027858|        23.209669
597  |*i_0_0_566|            0.527636|            22.653114|           0.027858|        23.208609
598  |*i_0_0_567|            0.527100|            22.653116|           0.027858|        23.208075
599  |*i_0_0_568|            0.526831|            22.653116|           0.027858|        23.207806
600  |*i_0_0_569|           -2.514552|           154.721191|           0.027858|       152.234497
601  |*i_0_0_570|            0.749738|            18.465132|           0.036441|        19.251312
602  |*i_0_0_571|            0.000113|             0.000328|           0.021200|         0.021641
603  |*i_0_0_572|            0.000116|             0.000711|           0.014353|         0.015180
604  |*i_0_0_573|            0.000174|             0.002259|           0.021200|         0.023633
605  |*i_0_0_574|            0.000232|             0.001421|           0.014353|         0.016007
606  |*i_0_0_575|            0.000349|             0.004518|           0.021200|         0.026066
607  |*i_0_0_576|            0.000464|             0.002843|           0.014353|         0.017660
608  |*i_0_0_577|            0.000698|             0.009035|           0.021200|         0.030932
609  |*i_0_0_578|            0.000928|             0.005684|           0.014353|         0.020965
610  |*i_0_0_579|            0.001395|             0.018065|           0.021200|         0.040660
611  |*i_0_0_580|            0.001855|             0.011362|           0.014353|         0.027570
612  |*i_0_0_581|            0.002791|             0.036112|           0.021200|         0.060103
613  |*i_0_0_582|            0.003707|             0.022702|           0.014353|         0.040762
614  |*i_0_0_583|            0.005583|             0.072154|           0.021200|         0.098937
615  |*i_0_0_584|            0.007400|             0.045314|           0.014353|         0.067067
616  |*i_0_0_585|            0.011170|             0.144026|           0.021200|         0.176396
617  |*i_0_0_586|            0.014741|             0.090273|           0.014353|         0.119368
618  |*i_0_0_587|            0.022351|             0.286922|           0.021200|         0.330472
619  |*i_0_0_588|            0.029250|             0.179125|           0.014353|         0.222728
620  |*i_0_0_589|            0.044699|             0.569325|           0.021200|         0.635223
621  |*i_0_0_590|            0.057572|             0.352564|           0.014353|         0.424489
622  |*i_0_0_591|            0.089101|             1.120577|           0.021200|         1.230877
623  |*i_0_0_592|            0.111429|             0.682382|           0.014353|         0.808164
624  |*i_0_0_593|            0.175493|             2.168858|           0.021200|         2.365550
625  |*i_0_0_594|            0.208000|             1.273779|           0.014353|         1.496133
626  |*i_0_0_595|            0.333744|             4.048535|           0.021200|         4.403478
627  |*i_0_0_596|            0.356572|             2.183621|           0.014353|         2.554547
628  |*i_0_0_597|            0.609185|             6.940345|           0.021200|         7.570730
629  |*i_0_0_598|            0.931804|             2.873818|           0.014353|         3.819975
630  |*i_0_0_599|            0.845693|             4.360376|           0.014353|         5.220422
631  |*i_0_0_600|            0.930465|             2.896931|           0.014353|         3.841750
632  |*i_0_0_601|            0.930465|             2.896931|           0.014353|         3.841750
633  |*i_0_0_602|            0.930465|             2.896931|           0.014353|         3.841750
634  |*i_0_0_603|            0.930465|             2.896931|           0.014353|         3.841750
635  |*i_0_0_604|            0.930465|             2.896931|           0.014353|         3.841750
636  |*i_0_0_605|            0.930465|             2.896931|           0.014353|         3.841750
637  |*i_0_0_606|            0.930465|             2.896931|           0.014353|         3.841750
638  |*i_0_0_607|            0.930465|             2.896931|           0.014353|         3.841750
639  |*i_0_0_608|            0.930465|             2.896931|           0.014353|         3.841750
640  |*i_0_0_609|            0.930465|             2.896931|           0.014353|         3.841750
641  |*i_0_0_610|            0.930465|             2.896931|           0.014353|         3.841750
642  |*i_0_0_611|            0.930465|             2.896931|           0.014353|         3.841750
643  |*i_0_0_612|            0.880531|             3.758945|           0.014353|         4.653830
644  |          |                    |                     |                   |                 
645  |*TOTAL    |         2256.924316|          5501.250488|          54.835098|      7813.010254
-----+----------+--------------------+---------------------+-------------------+-----------------
