Report 'report_mcmm_variation': MCMM Variation
Generated on Wed May 5 21:36:23 2021
  
-------------------------------------------------------------------
|  MCMM variability report for design 'Booth_Multiplier' (nano)   |
|-----------------------------------------------------------------|
| MODE     CORNER     WNS     TNS      #Endpts WHS THS    #Endpts | 
|-----------------------------------------------------------------|
| new_mode corner_0_0 -2.5190 -26.4030 16      --- 0.0000 0       | 
-------------------------------------------------------------------


info UI33: performed report_mcmm_variation for 0 sec (CPU time: 0 sec; MEM: RSS - 289M, CVMEM - 1692M, PVMEM - 1839M)
Report 'report_path_group': Path Group
Generated on Wed May 5 21:36:23 2021
  
-----------------------------------------------------------------------------------------------------------------------
|                                             PATH GROUPS (SETUP) (nano)                                              |
|---------------------------------------------------------------------------------------------------------------------|
|                  | QOR Weight Margin TNS Range Endpoints Violating Endpoints Violating Endpoints % WNS     TNS      | 
|---------------------------------------------------------------------------------------------------------------------|
| **global**       |     1             0.1000    16        16                  100                   -2.5190 -26.4030 | 
| **qor**          |     1             0.1000    16        16                  100                   -2.5190 -26.4030 | 
| **feedthroughs** | *   1             0.1000    16        16                  100                   -2.5190 -26.4030 | 
-----------------------------------------------------------------------------------------------------------------------


info UI33: performed report_path_group for 0 sec (CPU time: 0 sec; MEM: RSS - 289M, CVMEM - 1692M, PVMEM - 1839M)
SLACK HISTOGRAM
---------------
Select : SELECT_LATE

-----------------------------------------------
| Slack             # End Pts Total # End Pts | 
|---------------------------------------------|
| -2.5500 - -2.5010 2         2               | 
| -2.5000 - -2.4510 1         3               | 
| -2.4500 - -2.4010 1         4               | 
| -2.4000 - -2.3510 0         4               | 
| -2.3500 - -2.3010 1         5               | 
| -2.3000 - -2.2510 1         6               | 
| -2.2500 - -2.2010 0         6               | 
| -2.2000 - -2.1510 1         7               | 
| -2.1500 - -2.1010 0         7               | 
| -2.1000 - -2.0510 1         8               | 
| -2.0500 - -2.0010 0         8               | 
| -2.0000 - -1.9510 0         8               | 
| -1.9500 - -1.9010 1         9               | 
| -1.9000 - -1.8510 0         9               | 
| -1.8500 - -1.8010 0         9               | 
| -1.8000 - -1.7510 0         9               | 
| -1.7500 - -1.7010 0         9               | 
| -1.7000 - -1.6510 0         9               | 
| -1.6500 - -1.6010 1         10              | 
| -1.6000 - -1.5510 0         10              | 
| -1.5500 - -1.5010 0         10              | 
| -1.5000 - -1.4510 0         10              | 
| -1.4500 - -1.4010 0         10              | 
| -1.4000 - -1.3510 0         10              | 
| -1.3500 - -1.3010 1         11              | 
| -1.3000 - -1.2510 0         11              | 
| -1.2500 - -1.2010 0         11              | 
| -1.2000 - -1.1510 0         11              | 
| -1.1500 - -1.1010 0         11              | 
| -1.1000 - -1.0510 1         12              | 
| -1.0500 - -1.0010 0         12              | 
| -1.0000 - -0.9510 0         12              | 
| -0.9500 - -0.9010 0         12              | 
| -0.9000 - -0.8510 0         12              | 
| -0.8500 - -0.8010 0         12              | 
| -0.8000 - -0.7510 1         13              | 
| -0.7500 - -0.7010 0         13              | 
| -0.7000 - -0.6510 0         13              | 
| -0.6500 - -0.6010 0         13              | 
| -0.6000 - -0.5510 0         13              | 
| -0.5500 - -0.5010 1         14              | 
| -0.5000 - -0.4510 0         14              | 
| -0.4500 - -0.4010 0         14              | 
| -0.4000 - -0.3510 0         14              | 
| -0.3500 - -0.3010 0         14              | 
| -0.3000 - -0.2510 1         15              | 
| -0.2500 - -0.2010 0         15              | 
| -0.2000 - -0.1510 1         16              | 
| -0.1500 - -0.1010 0         16              | 
| -0.1000 - -0.0510 0         16              | 
| -0.0500 - -0.0010 0         16              | 
-----------------------------------------------


info UI33: performed report_slack_histogram for 0 sec (CPU time: 0 sec; MEM: RSS - 289M, CVMEM - 1692M, PVMEM - 1839M)
Report 'report_path_group': Path Group
Generated on Wed May 5 21:36:24 2021
  
-------------------------------------------------------------------------------------------
|                                PATH GROUPS (HOLD) (nano)                                |
|-----------------------------------------------------------------------------------------|
| QOR Weight Margin TNS Range Endpoints Violating Endpoints Violating Endpoints % WNS TNS | 
-------------------------------------------------------------------------------------------


info UI33: performed report_path_group for 0 sec (CPU time: 0 sec; MEM: RSS - 289M, CVMEM - 1692M, PVMEM - 1839M)
SLACK HISTOGRAM
---------------
Select : SELECT_EARLY

---------------------------------------------
| Slack           # End Pts Total # End Pts | 
|-------------------------------------------|
| 0.0000 - 0.9990 0         0               | 
| 1.0000 - 1.9990 16        16              | 
---------------------------------------------


info UI33: performed report_slack_histogram for 0 sec (CPU time: 0 sec; MEM: RSS - 289M, CVMEM - 1692M, PVMEM - 1839M)
